

                  PLANTS
        Protein-Ligand ANT System
               version 1.2


author: Oliver Korb

scientific contributors: T.E. Exner, T. Stuetzle

contact: Oliver.Korb@uni-konstanz.de



-------------------------------------------------------------
Ligand data file: ibuprofen_SPORES.mol2 (entry 1)
-------------------------------------------------------------


Input molecule: ibuprofen_SPORES.mol2
Description: ibuprofen


Ligand rotatable bonds (4): 
C    (5   , C.ar ) -C    (4   , C.3  )
C    (4   , C.3  ) -C    (2   , C.3  )
C    (8   , C.ar ) -C    (11  , C.3  )
C    (11  , C.3  ) -C    (13  , C.2  )


Ligand formal charge table:
14    O     -0.50
15    O     -0.50
Ligand formal charge: -1.00


Atom type assignment for partial score term CHEMPLP-PLP:

ACCEPTOR(2): 
    O(  14) [ch]     O(  15) [ch] 

NONPOLAR(13): 
    C(   1)          C(   2)          C(   3)          C(   4)          C(   5)          C(   6)          C(   7)          C(   8)      
    C(   9)          C(  10)          C(  11)          C(  12)          C(  13)      

Atom type assignment for partial score term CHEM-HB:

ACCEPTOR(2): 
    O(  14) [ch]     O(  15) [ch] 

NONPOLAR(13): 
    C(   1)          C(   2)          C(   3)          C(   4)          C(   5)          C(   6)          C(   7)          C(   8)      
    C(   9)          C(  10)          C(  11)          C(  12)          C(  13)      

Intra-ligand score: CLASH2
Ligand clash pairs: 60

Ligand torsions: 27 (27 parameters matched)

Ligand input conformation score: -16.37

PLPtotal,PLPparthbond,PLPpartsteric,PLPpartmetal,PLPpartrepulsive,PLPpartburpolar,LIG_NUM_CLASH,LIG_NUM_CONTACT,LIG_NUM_NO_CONTACT,CHEMpartmetal,CHEMparthbond,CHEMparthbondCHO,DON,ACC,UNUSED_DON,UNUSED_ACC,CHEMPLP_CLASH2,TRIPOS_TORS

0,0,0,0,0,0,0,0,15,0,0,0,0,2,0,2,0,1.81629

ACO iterations 234  time 68.09s  evaluations 9281143

Cluster time 2.89s (max. 100 structures, RMSD similarity 2.00 A):

rank  1  score   -69.76  file ibuprofen_entry_00001_conf_01
rank  2  score   -67.63  file ibuprofen_entry_00001_conf_02
rank  3  score   -65.29  file ibuprofen_entry_00001_conf_03
rank  4  score   -63.60  file ibuprofen_entry_00001_conf_04
rank  5  score   -61.12  file ibuprofen_entry_00001_conf_05
rank  6  score   -60.67  file ibuprofen_entry_00001_conf_06
rank  7  score   -60.37  file ibuprofen_entry_00001_conf_07
rank  8  score   -59.61  file ibuprofen_entry_00001_conf_08
rank  9  score   -58.54  file ibuprofen_entry_00001_conf_09
rank 10  score   -58.23  file ibuprofen_entry_00001_conf_10
rank 11  score   -57.87  file ibuprofen_entry_00001_conf_11
rank 12  score   -57.69  file ibuprofen_entry_00001_conf_12
rank 13  score   -57.41  file ibuprofen_entry_00001_conf_13
rank 14  score   -56.44  file ibuprofen_entry_00001_conf_14
rank 15  score   -56.22  file ibuprofen_entry_00001_conf_15
rank 16  score   -55.43  file ibuprofen_entry_00001_conf_16
rank 17  score   -54.93  file ibuprofen_entry_00001_conf_17
rank 18  score   -54.90  file ibuprofen_entry_00001_conf_18
rank 19  score   -54.63  file ibuprofen_entry_00001_conf_19
rank 20  score   -54.61  file ibuprofen_entry_00001_conf_20
rank 21  score   -54.04  file ibuprofen_entry_00001_conf_21
rank 22  score   -53.18  file ibuprofen_entry_00001_conf_22
rank 23  score   -52.77  file ibuprofen_entry_00001_conf_23
rank 24  score   -52.36  file ibuprofen_entry_00001_conf_24
rank 25  score   -52.29  file ibuprofen_entry_00001_conf_25
rank 26  score   -52.16  file ibuprofen_entry_00001_conf_26
rank 27  score   -52.12  file ibuprofen_entry_00001_conf_27
rank 28  score   -52.11  file ibuprofen_entry_00001_conf_28
rank 29  score   -52.08  file ibuprofen_entry_00001_conf_29
rank 30  score   -51.72  file ibuprofen_entry_00001_conf_30
rank 31  score   -50.56  file ibuprofen_entry_00001_conf_31
rank 32  score   -50.47  file ibuprofen_entry_00001_conf_32
rank 33  score   -50.47  file ibuprofen_entry_00001_conf_33
rank 34  score   -50.38  file ibuprofen_entry_00001_conf_34
rank 35  score   -50.36  file ibuprofen_entry_00001_conf_35
rank 36  score   -50.05  file ibuprofen_entry_00001_conf_36
rank 37  score   -49.98  file ibuprofen_entry_00001_conf_37
rank 38  score   -49.60  file ibuprofen_entry_00001_conf_38
rank 39  score   -49.55  file ibuprofen_entry_00001_conf_39
rank 40  score   -48.97  file ibuprofen_entry_00001_conf_40
rank 41  score   -48.95  file ibuprofen_entry_00001_conf_41
rank 42  score   -48.88  file ibuprofen_entry_00001_conf_42
rank 43  score   -48.36  file ibuprofen_entry_00001_conf_43
rank 44  score   -48.23  file ibuprofen_entry_00001_conf_44
rank 45  score   -48.18  file ibuprofen_entry_00001_conf_45
rank 46  score   -48.18  file ibuprofen_entry_00001_conf_46
rank 47  score   -48.00  file ibuprofen_entry_00001_conf_47
rank 48  score   -47.93  file ibuprofen_entry_00001_conf_48
rank 49  score   -47.73  file ibuprofen_entry_00001_conf_49
rank 50  score   -47.46  file ibuprofen_entry_00001_conf_50
rank 51  score   -47.43  file ibuprofen_entry_00001_conf_51
rank 52  score   -47.35  file ibuprofen_entry_00001_conf_52
rank 53  score   -47.32  file ibuprofen_entry_00001_conf_53
rank 54  score   -46.72  file ibuprofen_entry_00001_conf_54
rank 55  score   -46.64  file ibuprofen_entry_00001_conf_55
rank 56  score   -46.63  file ibuprofen_entry_00001_conf_56
rank 57  score   -46.53  file ibuprofen_entry_00001_conf_57
rank 58  score   -46.43  file ibuprofen_entry_00001_conf_58
rank 59  score   -46.36  file ibuprofen_entry_00001_conf_59
rank 60  score   -46.29  file ibuprofen_entry_00001_conf_60
rank 61  score   -46.28  file ibuprofen_entry_00001_conf_61
rank 62  score   -45.80  file ibuprofen_entry_00001_conf_62
rank 63  score   -45.80  file ibuprofen_entry_00001_conf_63
rank 64  score   -45.58  file ibuprofen_entry_00001_conf_64
rank 65  score   -45.51  file ibuprofen_entry_00001_conf_65
rank 66  score   -45.41  file ibuprofen_entry_00001_conf_66
rank 67  score   -45.37  file ibuprofen_entry_00001_conf_67
rank 68  score   -45.28  file ibuprofen_entry_00001_conf_68
rank 69  score   -45.24  file ibuprofen_entry_00001_conf_69
rank 70  score   -45.22  file ibuprofen_entry_00001_conf_70
rank 71  score   -45.03  file ibuprofen_entry_00001_conf_71
rank 72  score   -44.82  file ibuprofen_entry_00001_conf_72
rank 73  score   -44.81  file ibuprofen_entry_00001_conf_73
rank 74  score   -44.78  file ibuprofen_entry_00001_conf_74
rank 75  score   -44.76  file ibuprofen_entry_00001_conf_75
rank 76  score   -44.69  file ibuprofen_entry_00001_conf_76
rank 77  score   -44.54  file ibuprofen_entry_00001_conf_77
rank 78  score   -44.40  file ibuprofen_entry_00001_conf_78
rank 79  score   -44.26  file ibuprofen_entry_00001_conf_79
rank 80  score   -44.20  file ibuprofen_entry_00001_conf_80
rank 81  score   -44.19  file ibuprofen_entry_00001_conf_81
rank 82  score   -44.16  file ibuprofen_entry_00001_conf_82
rank 83  score   -44.03  file ibuprofen_entry_00001_conf_83
rank 84  score   -43.86  file ibuprofen_entry_00001_conf_84
rank 85  score   -43.76  file ibuprofen_entry_00001_conf_85
rank 86  score   -43.69  file ibuprofen_entry_00001_conf_86
rank 87  score   -43.65  file ibuprofen_entry_00001_conf_87
rank 88  score   -43.60  file ibuprofen_entry_00001_conf_88
rank 89  score   -43.50  file ibuprofen_entry_00001_conf_89
rank 90  score   -43.48  file ibuprofen_entry_00001_conf_90
rank 91  score   -43.45  file ibuprofen_entry_00001_conf_91
rank 92  score   -43.37  file ibuprofen_entry_00001_conf_92
rank 93  score   -43.34  file ibuprofen_entry_00001_conf_93
rank 94  score   -43.28  file ibuprofen_entry_00001_conf_94
rank 95  score   -43.05  file ibuprofen_entry_00001_conf_95
rank 96  score   -42.87  file ibuprofen_entry_00001_conf_96
rank 97  score   -42.80  file ibuprofen_entry_00001_conf_97
rank 98  score   -42.58  file ibuprofen_entry_00001_conf_98
rank 99  score   -42.53  file ibuprofen_entry_00001_conf_99
rank 100  score   -42.51  file ibuprofen_entry_00001_conf_100


