

                  PLANTS
        Protein-Ligand ANT System
               version 1.2


author: Oliver Korb

scientific contributors: T.E. Exner, T. Stuetzle

contact: Oliver.Korb@uni-konstanz.de



-------------------------------------------------------------
Ligand data file: Olaparib_SPORES.mol2 (entry 1)
-------------------------------------------------------------


Input molecule: Olaparib_SPORES.mol2
Description: Olaparib


Ligand rotatable bonds (4): 
C    (16  , C.ar ) -C    (17  , C.2  )
C    (14  , C.ar ) -C    (13  , C.3  )
C    (13  , C.3  ) -C    (12  , C.2  )
C    (22  , C.2  ) -C    (23  , C.3  )


Ligand formal charge table:
Ligand formal charge: 0.00


Atom type assignment for partial score term CHEMPLP-PLP:

DONOR(1): 
    N(   4)      

ACCEPTOR(4): 
    N(   3)          O(  29)          O(  30)          O(  31)      

NONPOLAR(27): 
    N(   1)          N(   2)          C(   5)          C(   6)          C(   7)          C(   8)          C(   9)          C(  10)      
    C(  11)          C(  12)          C(  13)          C(  14)          C(  15)          C(  16)          C(  17)          C(  18)      
    C(  19)          C(  20)          C(  21)          C(  22)          C(  23)          C(  24)          C(  25)          C(  26)      
    C(  27)          C(  28)          F(  32)      

Atom type assignment for partial score term CHEM-HB:

DONOR(1): 
    N(   4)      

ACCEPTOR(4): 
    N(   3)          O(  29)          O(  30)          O(  31)      

NONPOLAR(27): 
    N(   1)          N(   2)          C(   5)          C(   6)          C(   7)          C(   8)          C(   9)          C(  10)      
    C(  11)          C(  12)          C(  13)          C(  14)          C(  15)          C(  16)          C(  17)          C(  18)      
    C(  19)          C(  20)          C(  21)          C(  22)          C(  23)          C(  24)          C(  25)          C(  26)      
    C(  27)          C(  28)          F(  32)      

HYDROGEN(1): 
    H(  55)      

Intra-ligand score: CLASH2
Ligand clash pairs: 323

Ligand torsions: 22 (22 parameters matched)

Ligand input conformation score: 382.26

PLPtotal,PLPparthbond,PLPpartsteric,PLPpartmetal,PLPpartrepulsive,PLPpartburpolar,LIG_NUM_CLASH,LIG_NUM_CONTACT,LIG_NUM_NO_CONTACT,CHEMpartmetal,CHEMparthbond,CHEMparthbondCHO,DON,ACC,UNUSED_DON,UNUSED_ACC,CHEMPLP_CLASH2,TRIPOS_TORS

383.999,0,202.719,0,0.509235,0,17,7,8,0,-0.460162,0,1,4,1,3,0,8.62834

ACO iterations 287  time 65.23s  evaluations 10710362

Cluster time 2.86s (max. 100 structures, RMSD similarity 2.00 A):

rank  1  score   -82.25  file Olaparib_entry_00001_conf_01
rank  2  score   -78.37  file Olaparib_entry_00001_conf_02
rank  3  score   -70.93  file Olaparib_entry_00001_conf_03
rank  4  score   -70.75  file Olaparib_entry_00001_conf_04
rank  5  score   -68.85  file Olaparib_entry_00001_conf_05
rank  6  score   -67.62  file Olaparib_entry_00001_conf_06
rank  7  score   -66.89  file Olaparib_entry_00001_conf_07
rank  8  score   -66.39  file Olaparib_entry_00001_conf_08
rank  9  score   -65.86  file Olaparib_entry_00001_conf_09
rank 10  score   -65.51  file Olaparib_entry_00001_conf_10
rank 11  score   -65.28  file Olaparib_entry_00001_conf_11
rank 12  score   -64.93  file Olaparib_entry_00001_conf_12
rank 13  score   -64.63  file Olaparib_entry_00001_conf_13
rank 14  score   -64.08  file Olaparib_entry_00001_conf_14
rank 15  score   -63.68  file Olaparib_entry_00001_conf_15
rank 16  score   -63.57  file Olaparib_entry_00001_conf_16
rank 17  score   -63.23  file Olaparib_entry_00001_conf_17
rank 18  score   -62.51  file Olaparib_entry_00001_conf_18
rank 19  score   -62.23  file Olaparib_entry_00001_conf_19
rank 20  score   -62.15  file Olaparib_entry_00001_conf_20
rank 21  score   -62.02  file Olaparib_entry_00001_conf_21
rank 22  score   -61.46  file Olaparib_entry_00001_conf_22
rank 23  score   -61.19  file Olaparib_entry_00001_conf_23
rank 24  score   -61.18  file Olaparib_entry_00001_conf_24
rank 25  score   -60.97  file Olaparib_entry_00001_conf_25
rank 26  score   -60.90  file Olaparib_entry_00001_conf_26
rank 27  score   -60.83  file Olaparib_entry_00001_conf_27
rank 28  score   -60.41  file Olaparib_entry_00001_conf_28
rank 29  score   -59.86  file Olaparib_entry_00001_conf_29
rank 30  score   -59.70  file Olaparib_entry_00001_conf_30
rank 31  score   -59.54  file Olaparib_entry_00001_conf_31
rank 32  score   -59.31  file Olaparib_entry_00001_conf_32
rank 33  score   -59.26  file Olaparib_entry_00001_conf_33
rank 34  score   -59.01  file Olaparib_entry_00001_conf_34
rank 35  score   -58.62  file Olaparib_entry_00001_conf_35
rank 36  score   -58.36  file Olaparib_entry_00001_conf_36
rank 37  score   -58.28  file Olaparib_entry_00001_conf_37
rank 38  score   -58.14  file Olaparib_entry_00001_conf_38
rank 39  score   -57.98  file Olaparib_entry_00001_conf_39
rank 40  score   -57.96  file Olaparib_entry_00001_conf_40
rank 41  score   -57.89  file Olaparib_entry_00001_conf_41
rank 42  score   -57.86  file Olaparib_entry_00001_conf_42
rank 43  score   -57.32  file Olaparib_entry_00001_conf_43
rank 44  score   -57.22  file Olaparib_entry_00001_conf_44
rank 45  score   -57.20  file Olaparib_entry_00001_conf_45
rank 46  score   -56.75  file Olaparib_entry_00001_conf_46
rank 47  score   -56.71  file Olaparib_entry_00001_conf_47
rank 48  score   -56.63  file Olaparib_entry_00001_conf_48
rank 49  score   -56.18  file Olaparib_entry_00001_conf_49
rank 50  score   -55.90  file Olaparib_entry_00001_conf_50
rank 51  score   -55.81  file Olaparib_entry_00001_conf_51
rank 52  score   -55.79  file Olaparib_entry_00001_conf_52
rank 53  score   -55.75  file Olaparib_entry_00001_conf_53
rank 54  score   -55.40  file Olaparib_entry_00001_conf_54
rank 55  score   -55.32  file Olaparib_entry_00001_conf_55
rank 56  score   -55.23  file Olaparib_entry_00001_conf_56
rank 57  score   -54.79  file Olaparib_entry_00001_conf_57
rank 58  score   -54.60  file Olaparib_entry_00001_conf_58
rank 59  score   -54.33  file Olaparib_entry_00001_conf_59
rank 60  score   -54.11  file Olaparib_entry_00001_conf_60
rank 61  score   -54.06  file Olaparib_entry_00001_conf_61
rank 62  score   -53.77  file Olaparib_entry_00001_conf_62
rank 63  score   -53.39  file Olaparib_entry_00001_conf_63
rank 64  score   -53.32  file Olaparib_entry_00001_conf_64
rank 65  score   -52.99  file Olaparib_entry_00001_conf_65
rank 66  score   -52.94  file Olaparib_entry_00001_conf_66
rank 67  score   -52.89  file Olaparib_entry_00001_conf_67
rank 68  score   -52.89  file Olaparib_entry_00001_conf_68
rank 69  score   -52.75  file Olaparib_entry_00001_conf_69
rank 70  score   -52.52  file Olaparib_entry_00001_conf_70
rank 71  score   -52.44  file Olaparib_entry_00001_conf_71
rank 72  score   -52.30  file Olaparib_entry_00001_conf_72
rank 73  score   -52.20  file Olaparib_entry_00001_conf_73
rank 74  score   -52.17  file Olaparib_entry_00001_conf_74
rank 75  score   -51.77  file Olaparib_entry_00001_conf_75
rank 76  score   -51.72  file Olaparib_entry_00001_conf_76
rank 77  score   -51.67  file Olaparib_entry_00001_conf_77
rank 78  score   -51.65  file Olaparib_entry_00001_conf_78
rank 79  score   -51.64  file Olaparib_entry_00001_conf_79
rank 80  score   -51.60  file Olaparib_entry_00001_conf_80
rank 81  score   -51.54  file Olaparib_entry_00001_conf_81
rank 82  score   -51.22  file Olaparib_entry_00001_conf_82
rank 83  score   -50.80  file Olaparib_entry_00001_conf_83
rank 84  score   -50.68  file Olaparib_entry_00001_conf_84
rank 85  score   -50.47  file Olaparib_entry_00001_conf_85
rank 86  score   -50.37  file Olaparib_entry_00001_conf_86
rank 87  score   -50.29  file Olaparib_entry_00001_conf_87
rank 88  score   -50.26  file Olaparib_entry_00001_conf_88
rank 89  score   -50.11  file Olaparib_entry_00001_conf_89
rank 90  score   -50.01  file Olaparib_entry_00001_conf_90
rank 91  score   -49.85  file Olaparib_entry_00001_conf_91
rank 92  score   -49.81  file Olaparib_entry_00001_conf_92
rank 93  score   -49.80  file Olaparib_entry_00001_conf_93
rank 94  score   -49.71  file Olaparib_entry_00001_conf_94
rank 95  score   -49.63  file Olaparib_entry_00001_conf_95
rank 96  score   -49.58  file Olaparib_entry_00001_conf_96
rank 97  score   -49.51  file Olaparib_entry_00001_conf_97
rank 98  score   -49.35  file Olaparib_entry_00001_conf_98
rank 99  score   -49.21  file Olaparib_entry_00001_conf_99
rank 100  score   -49.20  file Olaparib_entry_00001_conf_100


