ERROR: failed in getting bnd parm for LC.6arLO.3es
============================================================
Initializing LigDock CSA...
Done.
Generating first bank...
Done.
------------------------------------------------------------
Used time for CSA cycle 0D  0H  0M  0.3S
------------------------------------------------------------
------------------------------------------------------------
Used time for CSA cycle 0D  0H  0M  0.6S
------------------------------------------------------------
------------------------------------------------------------
Used time for CSA cycle 0D  0H  0M  0.9S
------------------------------------------------------------
------------------------------------------------------------
Used time for CSA cycle 0D  0H  0M  1.2S
------------------------------------------------------------
------------------------------------------------------------
Used time for CSA cycle 0D  0H  0M  1.5S
------------------------------------------------------------
------------------------------------------------------------
Used time for CSA cycle 0D  0H  0M  2.6S
------------------------------------------------------------
------------------------------------------------------------
Used time for CSA cycle 0D  0H  0M  3.3S
------------------------------------------------------------
------------------------------------------------------------
Used time for CSA cycle 0D  0H  0M  4.0S
------------------------------------------------------------
------------------------------------------------------------
Used time for CSA cycle 0D  0H  0M  4.6S
------------------------------------------------------------
------------------------------------------------------------
Used time for CSA cycle 0D  0H  0M  5.3S
------------------------------------------------------------
------------------------------------------------------------
Used time for CSA cycle 0D  0H  0M  5.9S
------------------------------------------------------------
------------------------------------------------------------
Used time for CSA cycle 0D  0H  0M  6.5S
------------------------------------------------------------
------------------------------------------------------------
Used time for CSA cycle 0D  0H  0M  7.1S
------------------------------------------------------------
------------------------------------------------------------
Used time for CSA cycle 0D  0H  0M  7.7S
------------------------------------------------------------
------------------------------------------------------------
Used time for CSA cycle 0D  0H  0M  8.3S
------------------------------------------------------------
------------------------------------------------------------
Used time for CSA cycle 0D  0H  0M  8.9S
------------------------------------------------------------
------------------------------------------------------------
Used time for CSA cycle 0D  0H  0M  9.4S
------------------------------------------------------------
------------------------------------------------------------
Used time for CSA cycle 0D  0H  0M 10.0S
------------------------------------------------------------
------------------------------------------------------------
Used time for CSA cycle 0D  0H  0M 10.6S
------------------------------------------------------------
------------------------------------------------------------
Used time for CSA cycle 0D  0H  0M 11.2S
------------------------------------------------------------
------------------------------------------------------------
Used time for CSA cycle 0D  0H  0M 11.8S
------------------------------------------------------------
------------------------------------------------------------
Used time for CSA cycle 0D  0H  0M 12.4S
------------------------------------------------------------
------------------------------------------------------------
Used time for CSA cycle 0D  0H  0M 12.9S
------------------------------------------------------------
------------------------------------------------------------
Used time for CSA cycle 0D  0H  0M 13.5S
------------------------------------------------------------
------------------------------------------------------------
Used time for CSA cycle 0D  0H  0M 14.1S
------------------------------------------------------------
------------------------------------------------------------
Used time for CSA cycle 0D  0H  0M 14.7S
------------------------------------------------------------
------------------------------------------------------------
Used time for CSA cycle 0D  0H  0M 15.3S
------------------------------------------------------------
------------------------------------------------------------
Used time for CSA cycle 0D  0H  0M 15.9S
------------------------------------------------------------
------------------------------------------------------------
Used time for CSA cycle 0D  0H  0M 16.5S
------------------------------------------------------------
------------------------------------------------------------
Used time for CSA cycle 0D  0H  0M 17.1S
------------------------------------------------------------
------------------------------------------------------------
Used time for CSA cycle 0D  0H  0M 17.7S
------------------------------------------------------------
------------------------------------------------------------
Used time for CSA cycle 0D  0H  0M 18.3S
------------------------------------------------------------
------------------------------------------------------------
Used time for CSA cycle 0D  0H  0M 18.9S
------------------------------------------------------------
------------------------------------------------------------
Used time for CSA cycle 0D  0H  0M 19.5S
------------------------------------------------------------
------------------------------------------------------------
Used time for CSA cycle 0D  0H  0M 20.1S
------------------------------------------------------------
------------------------------------------------------------
Used time for CSA cycle 0D  0H  0M 20.7S
------------------------------------------------------------
------------------------------------------------------------
Used time for CSA cycle 0D  0H  0M 21.3S
------------------------------------------------------------
------------------------------------------------------------
Used time for CSA cycle 0D  0H  0M 22.0S
------------------------------------------------------------
------------------------------------------------------------
Used time for CSA cycle 0D  0H  0M 22.7S
------------------------------------------------------------
------------------------------------------------------------
Used time for CSA cycle 0D  0H  0M 23.3S
------------------------------------------------------------
------------------------------------------------------------
Used time for CSA cycle 0D  0H  0M 23.9S
------------------------------------------------------------
------------------------------------------------------------
Used time for CSA cycle 0D  0H  0M 24.5S
------------------------------------------------------------
------------------------------------------------------------
Used time for CSA cycle 0D  0H  0M 25.2S
------------------------------------------------------------
------------------------------------------------------------
Used time for CSA cycle 0D  0H  0M 25.9S
------------------------------------------------------------
------------------------------------------------------------
Used time for CSA cycle 0D  0H  0M 26.5S
------------------------------------------------------------
------------------------------------------------------------
Used time for CSA cycle 0D  0H  0M 27.1S
------------------------------------------------------------
------------------------------------------------------------
Used time for CSA cycle 0D  0H  0M 27.8S
------------------------------------------------------------
------------------------------------------------------------
Used time for CSA cycle 0D  0H  0M 28.4S
------------------------------------------------------------
------------------------------------------------------------
Used time for CSA cycle 0D  0H  0M 29.0S
------------------------------------------------------------
------------------------------------------------------------
Used time for CSA cycle 0D  0H  0M 29.7S
------------------------------------------------------------
------------------------------------------------------------
Used time for CSA cycle 0D  0H  0M 30.4S
------------------------------------------------------------
------------------------------------------------------------
Used time for CSA cycle 0D  0H  0M 31.0S
------------------------------------------------------------
------------------------------------------------------------
Used time for CSA cycle 0D  0H  0M 31.7S
------------------------------------------------------------
------------------------------------------------------------
Used time for CSA cycle 0D  0H  0M 32.3S
------------------------------------------------------------
------------------------------------------------------------
Used time for CSA cycle 0D  0H  0M 33.0S
------------------------------------------------------------
------------------------------------------------------------
Used time for CSA cycle 0D  0H  0M 33.6S
------------------------------------------------------------
------------------------------------------------------------
Used time for CSA cycle 0D  0H  0M 34.2S
------------------------------------------------------------
------------------------------------------------------------
Used time for CSA cycle 0D  0H  0M 34.8S
------------------------------------------------------------
------------------------------------------------------------
Used time for CSA cycle 0D  0H  0M 35.5S
------------------------------------------------------------
------------------------------------------------------------
Used time for CSA cycle 0D  0H  0M 36.1S
------------------------------------------------------------
------------------------------------------------------------
Used time for CSA cycle 0D  0H  0M 36.7S
------------------------------------------------------------
------------------------------------------------------------
Used time for CSA cycle 0D  0H  0M 37.3S
------------------------------------------------------------
------------------------------------------------------------
Used time for CSA cycle 0D  0H  0M 38.0S
------------------------------------------------------------
------------------------------------------------------------
Used time for CSA cycle 0D  0H  0M 38.6S
------------------------------------------------------------
------------------------------------------------------------
Used time for CSA cycle 0D  0H  0M 39.3S
------------------------------------------------------------
------------------------------------------------------------
Used time for CSA cycle 0D  0H  0M 39.9S
------------------------------------------------------------
------------------------------------------------------------
Used time for CSA cycle 0D  0H  0M 40.6S
------------------------------------------------------------
------------------------------------------------------------
Used time for CSA cycle 0D  0H  0M 41.2S
------------------------------------------------------------
------------------------------------------------------------
Used time for CSA cycle 0D  0H  0M 41.9S
------------------------------------------------------------
------------------------------------------------------------
Used time for CSA cycle 0D  0H  0M 42.6S
------------------------------------------------------------
------------------------------------------------------------
Used time for CSA cycle 0D  0H  0M 43.2S
------------------------------------------------------------
------------------------------------------------------------
Used time for CSA cycle 0D  0H  0M 43.9S
------------------------------------------------------------
------------------------------------------------------------
Used time for CSA cycle 0D  0H  0M 44.5S
------------------------------------------------------------
------------------------------------------------------------
Used time for CSA cycle 0D  0H  0M 45.2S
------------------------------------------------------------
------------------------------------------------------------
Used time for CSA cycle 0D  0H  0M 45.8S
------------------------------------------------------------
------------------------------------------------------------
Used time for CSA cycle 0D  0H  0M 46.4S
------------------------------------------------------------
------------------------------------------------------------
Used time for CSA cycle 0D  0H  0M 47.0S
------------------------------------------------------------
------------------------------------------------------------
Used time for CSA cycle 0D  0H  0M 47.6S
------------------------------------------------------------
------------------------------------------------------------
Used time for CSA cycle 0D  0H  0M 48.2S
------------------------------------------------------------
------------------------------------------------------------
Used time for CSA cycle 0D  0H  0M 48.9S
------------------------------------------------------------
------------------------------------------------------------
Used time for CSA cycle 0D  0H  0M 49.5S
------------------------------------------------------------
------------------------------------------------------------
Used time for CSA cycle 0D  0H  0M 50.2S
------------------------------------------------------------
------------------------------------------------------------
Used time for CSA cycle 0D  0H  0M 50.9S
------------------------------------------------------------
------------------------------------------------------------
Used time for CSA cycle 0D  0H  0M 51.6S
------------------------------------------------------------
------------------------------------------------------------
Used time for CSA cycle 0D  0H  0M 52.2S
------------------------------------------------------------
------------------------------------------------------------
Used time for CSA cycle 0D  0H  0M 52.8S
------------------------------------------------------------
------------------------------------------------------------
Used time for CSA cycle 0D  0H  0M 53.4S
------------------------------------------------------------
------------------------------------------------------------
Used time for CSA cycle 0D  0H  0M 54.0S
------------------------------------------------------------
------------------------------------------------------------
Used time for CSA cycle 0D  0H  0M 54.7S
------------------------------------------------------------
------------------------------------------------------------
Used time for CSA cycle 0D  0H  0M 55.3S
------------------------------------------------------------
------------------------------------------------------------
Used time for CSA cycle 0D  0H  0M 56.0S
------------------------------------------------------------
------------------------------------------------------------
Used time for CSA cycle 0D  0H  0M 56.7S
------------------------------------------------------------
------------------------------------------------------------
Used time for CSA cycle 0D  0H  0M 57.3S
------------------------------------------------------------
------------------------------------------------------------
Used time for CSA cycle 0D  0H  0M 57.9S
------------------------------------------------------------
------------------------------------------------------------
Used time for CSA cycle 0D  0H  0M 58.6S
------------------------------------------------------------
------------------------------------------------------------
Used time for CSA cycle 0D  0H  0M 59.2S
------------------------------------------------------------
------------------------------------------------------------
Used time for CSA cycle 0D  0H  0M 59.9S
------------------------------------------------------------
------------------------------------------------------------
Used time for CSA cycle 0D  0H  1M  0.6S
------------------------------------------------------------
------------------------------------------------------------
Used time for CSA cycle 0D  0H  1M  1.3S
------------------------------------------------------------
------------------------------------------------------------
Used time for CSA cycle 0D  0H  1M  2.0S
------------------------------------------------------------
------------------------------------------------------------
Used time for CSA cycle 0D  0H  1M  2.6S
------------------------------------------------------------
------------------------------------------------------------
Used time for CSA cycle 0D  0H  1M  3.3S
------------------------------------------------------------
------------------------------------------------------------
Used time for CSA cycle 0D  0H  1M  3.9S
------------------------------------------------------------
------------------------------------------------------------
Used time for CSA cycle 0D  0H  1M  4.5S
------------------------------------------------------------
------------------------------------------------------------
Used time for CSA cycle 0D  0H  1M  5.2S
------------------------------------------------------------
------------------------------------------------------------
Used time for CSA cycle 0D  0H  1M  5.8S
------------------------------------------------------------
------------------------------------------------------------
Used time for CSA cycle 0D  0H  1M  6.5S
------------------------------------------------------------
------------------------------------------------------------
Used time for CSA cycle 0D  0H  1M  7.1S
------------------------------------------------------------
------------------------------------------------------------
Used time for CSA cycle 0D  0H  1M  7.8S
------------------------------------------------------------
------------------------------------------------------------
Used time for CSA cycle 0D  0H  1M  8.4S
------------------------------------------------------------
------------------------------------------------------------
Used time for CSA cycle 0D  0H  1M  9.1S
------------------------------------------------------------
------------------------------------------------------------
Total User Time =     88.207 sec
           0 dy  0 hr  1 min 28.207 sec
------------------------------------------------------------
