ERROR: failed in getting bnd parm for LC.2a LC.3r3
============================================================
Initializing LigDock CSA...
Done.
Generating first bank...
Done.
------------------------------------------------------------
Used time for CSA cycle 0D  0H  0M  1.4S
------------------------------------------------------------
------------------------------------------------------------
Used time for CSA cycle 0D  0H  0M  3.2S
------------------------------------------------------------
------------------------------------------------------------
Used time for CSA cycle 0D  0H  0M  4.9S
------------------------------------------------------------
------------------------------------------------------------
Used time for CSA cycle 0D  0H  0M  6.5S
------------------------------------------------------------
------------------------------------------------------------
Used time for CSA cycle 0D  0H  0M  8.2S
------------------------------------------------------------
------------------------------------------------------------
Used time for CSA cycle 0D  0H  0M 15.4S
------------------------------------------------------------
------------------------------------------------------------
Used time for CSA cycle 0D  0H  0M 19.6S
------------------------------------------------------------
------------------------------------------------------------
Used time for CSA cycle 0D  0H  0M 23.9S
------------------------------------------------------------
------------------------------------------------------------
Used time for CSA cycle 0D  0H  0M 28.3S
------------------------------------------------------------
------------------------------------------------------------
Used time for CSA cycle 0D  0H  0M 32.5S
------------------------------------------------------------
------------------------------------------------------------
Used time for CSA cycle 0D  0H  0M 36.5S
------------------------------------------------------------
------------------------------------------------------------
Used time for CSA cycle 0D  0H  0M 40.7S
------------------------------------------------------------
------------------------------------------------------------
Used time for CSA cycle 0D  0H  0M 44.8S
------------------------------------------------------------
------------------------------------------------------------
Used time for CSA cycle 0D  0H  0M 48.9S
------------------------------------------------------------
------------------------------------------------------------
Used time for CSA cycle 0D  0H  0M 53.0S
------------------------------------------------------------
------------------------------------------------------------
Used time for CSA cycle 0D  0H  0M 57.4S
------------------------------------------------------------
------------------------------------------------------------
Used time for CSA cycle 0D  0H  1M  1.9S
------------------------------------------------------------
------------------------------------------------------------
Used time for CSA cycle 0D  0H  1M  6.4S
------------------------------------------------------------
------------------------------------------------------------
Used time for CSA cycle 0D  0H  1M 10.8S
------------------------------------------------------------
------------------------------------------------------------
Used time for CSA cycle 0D  0H  1M 15.0S
------------------------------------------------------------
------------------------------------------------------------
Used time for CSA cycle 0D  0H  1M 19.0S
------------------------------------------------------------
------------------------------------------------------------
Used time for CSA cycle 0D  0H  1M 23.3S
------------------------------------------------------------
------------------------------------------------------------
Used time for CSA cycle 0D  0H  1M 27.4S
------------------------------------------------------------
------------------------------------------------------------
Used time for CSA cycle 0D  0H  1M 31.7S
------------------------------------------------------------
------------------------------------------------------------
Used time for CSA cycle 0D  0H  1M 36.0S
------------------------------------------------------------
------------------------------------------------------------
Used time for CSA cycle 0D  0H  1M 40.1S
------------------------------------------------------------
------------------------------------------------------------
Used time for CSA cycle 0D  0H  1M 44.4S
------------------------------------------------------------
------------------------------------------------------------
Used time for CSA cycle 0D  0H  1M 48.9S
------------------------------------------------------------
------------------------------------------------------------
Used time for CSA cycle 0D  0H  1M 53.2S
------------------------------------------------------------
------------------------------------------------------------
Used time for CSA cycle 0D  0H  1M 57.7S
------------------------------------------------------------
------------------------------------------------------------
Used time for CSA cycle 0D  0H  2M  2.1S
------------------------------------------------------------
------------------------------------------------------------
Used time for CSA cycle 0D  0H  2M  6.5S
------------------------------------------------------------
------------------------------------------------------------
Used time for CSA cycle 0D  0H  2M 10.8S
------------------------------------------------------------
------------------------------------------------------------
Used time for CSA cycle 0D  0H  2M 15.6S
------------------------------------------------------------
------------------------------------------------------------
Used time for CSA cycle 0D  0H  2M 19.6S
------------------------------------------------------------
------------------------------------------------------------
Used time for CSA cycle 0D  0H  2M 24.0S
------------------------------------------------------------
------------------------------------------------------------
Used time for CSA cycle 0D  0H  2M 28.9S
------------------------------------------------------------
------------------------------------------------------------
Used time for CSA cycle 0D  0H  2M 33.1S
------------------------------------------------------------
------------------------------------------------------------
Used time for CSA cycle 0D  0H  2M 37.7S
------------------------------------------------------------
------------------------------------------------------------
Used time for CSA cycle 0D  0H  2M 41.8S
------------------------------------------------------------
------------------------------------------------------------
Used time for CSA cycle 0D  0H  2M 46.2S
------------------------------------------------------------
------------------------------------------------------------
Used time for CSA cycle 0D  0H  2M 50.4S
------------------------------------------------------------
------------------------------------------------------------
Used time for CSA cycle 0D  0H  2M 54.6S
------------------------------------------------------------
------------------------------------------------------------
Used time for CSA cycle 0D  0H  2M 59.1S
------------------------------------------------------------
------------------------------------------------------------
Used time for CSA cycle 0D  0H  3M  3.6S
------------------------------------------------------------
------------------------------------------------------------
Used time for CSA cycle 0D  0H  3M  8.2S
------------------------------------------------------------
------------------------------------------------------------
Used time for CSA cycle 0D  0H  3M 13.2S
------------------------------------------------------------
------------------------------------------------------------
Used time for CSA cycle 0D  0H  3M 17.4S
------------------------------------------------------------
------------------------------------------------------------
Used time for CSA cycle 0D  0H  3M 21.9S
------------------------------------------------------------
------------------------------------------------------------
Used time for CSA cycle 0D  0H  3M 26.3S
------------------------------------------------------------
------------------------------------------------------------
Used time for CSA cycle 0D  0H  3M 30.4S
------------------------------------------------------------
------------------------------------------------------------
Used time for CSA cycle 0D  0H  3M 34.8S
------------------------------------------------------------
------------------------------------------------------------
Used time for CSA cycle 0D  0H  3M 39.2S
------------------------------------------------------------
------------------------------------------------------------
Used time for CSA cycle 0D  0H  3M 43.8S
------------------------------------------------------------
------------------------------------------------------------
Used time for CSA cycle 0D  0H  3M 47.9S
------------------------------------------------------------
------------------------------------------------------------
Used time for CSA cycle 0D  0H  3M 52.7S
------------------------------------------------------------
------------------------------------------------------------
Used time for CSA cycle 0D  0H  3M 57.3S
------------------------------------------------------------
------------------------------------------------------------
Used time for CSA cycle 0D  0H  4M  1.6S
------------------------------------------------------------
------------------------------------------------------------
Used time for CSA cycle 0D  0H  4M  6.0S
------------------------------------------------------------
------------------------------------------------------------
Used time for CSA cycle 0D  0H  4M 10.6S
------------------------------------------------------------
------------------------------------------------------------
Used time for CSA cycle 0D  0H  4M 15.3S
------------------------------------------------------------
------------------------------------------------------------
Used time for CSA cycle 0D  0H  4M 19.8S
------------------------------------------------------------
------------------------------------------------------------
Used time for CSA cycle 0D  0H  4M 24.4S
------------------------------------------------------------
------------------------------------------------------------
Used time for CSA cycle 0D  0H  4M 29.1S
------------------------------------------------------------
------------------------------------------------------------
Used time for CSA cycle 0D  0H  4M 33.9S
------------------------------------------------------------
------------------------------------------------------------
Used time for CSA cycle 0D  0H  4M 38.5S
------------------------------------------------------------
------------------------------------------------------------
Used time for CSA cycle 0D  0H  4M 42.9S
------------------------------------------------------------
------------------------------------------------------------
Used time for CSA cycle 0D  0H  4M 47.2S
------------------------------------------------------------
------------------------------------------------------------
Used time for CSA cycle 0D  0H  4M 51.7S
------------------------------------------------------------
------------------------------------------------------------
Used time for CSA cycle 0D  0H  4M 56.3S
------------------------------------------------------------
------------------------------------------------------------
Used time for CSA cycle 0D  0H  5M  0.6S
------------------------------------------------------------
------------------------------------------------------------
Used time for CSA cycle 0D  0H  5M  5.3S
------------------------------------------------------------
------------------------------------------------------------
Used time for CSA cycle 0D  0H  5M 10.0S
------------------------------------------------------------
------------------------------------------------------------
Used time for CSA cycle 0D  0H  5M 14.8S
------------------------------------------------------------
------------------------------------------------------------
Used time for CSA cycle 0D  0H  5M 19.4S
------------------------------------------------------------
------------------------------------------------------------
Used time for CSA cycle 0D  0H  5M 24.0S
------------------------------------------------------------
------------------------------------------------------------
Used time for CSA cycle 0D  0H  5M 28.5S
------------------------------------------------------------
------------------------------------------------------------
Used time for CSA cycle 0D  0H  5M 33.1S
------------------------------------------------------------
------------------------------------------------------------
Used time for CSA cycle 0D  0H  5M 37.8S
------------------------------------------------------------
------------------------------------------------------------
Used time for CSA cycle 0D  0H  5M 42.5S
------------------------------------------------------------
------------------------------------------------------------
Used time for CSA cycle 0D  0H  5M 46.9S
------------------------------------------------------------
------------------------------------------------------------
Used time for CSA cycle 0D  0H  5M 51.4S
------------------------------------------------------------
------------------------------------------------------------
Used time for CSA cycle 0D  0H  5M 56.3S
------------------------------------------------------------
------------------------------------------------------------
Used time for CSA cycle 0D  0H  6M  0.7S
------------------------------------------------------------
------------------------------------------------------------
Used time for CSA cycle 0D  0H  6M  5.2S
------------------------------------------------------------
------------------------------------------------------------
Used time for CSA cycle 0D  0H  6M 10.2S
------------------------------------------------------------
------------------------------------------------------------
Used time for CSA cycle 0D  0H  6M 15.4S
------------------------------------------------------------
------------------------------------------------------------
Used time for CSA cycle 0D  0H  6M 20.2S
------------------------------------------------------------
------------------------------------------------------------
Used time for CSA cycle 0D  0H  6M 24.9S
------------------------------------------------------------
------------------------------------------------------------
Used time for CSA cycle 0D  0H  6M 29.9S
------------------------------------------------------------
------------------------------------------------------------
Used time for CSA cycle 0D  0H  6M 34.3S
------------------------------------------------------------
------------------------------------------------------------
Used time for CSA cycle 0D  0H  6M 38.9S
------------------------------------------------------------
------------------------------------------------------------
Used time for CSA cycle 0D  0H  6M 43.5S
------------------------------------------------------------
------------------------------------------------------------
Used time for CSA cycle 0D  0H  6M 48.3S
------------------------------------------------------------
------------------------------------------------------------
Used time for CSA cycle 0D  0H  6M 53.1S
------------------------------------------------------------
------------------------------------------------------------
Used time for CSA cycle 0D  0H  6M 57.7S
------------------------------------------------------------
------------------------------------------------------------
Used time for CSA cycle 0D  0H  7M  1.9S
------------------------------------------------------------
------------------------------------------------------------
Used time for CSA cycle 0D  0H  7M  6.6S
------------------------------------------------------------
------------------------------------------------------------
Used time for CSA cycle 0D  0H  7M 11.0S
------------------------------------------------------------
------------------------------------------------------------
Used time for CSA cycle 0D  0H  7M 15.5S
------------------------------------------------------------
------------------------------------------------------------
Used time for CSA cycle 0D  0H  7M 20.2S
------------------------------------------------------------
------------------------------------------------------------
Used time for CSA cycle 0D  0H  7M 24.8S
------------------------------------------------------------
------------------------------------------------------------
Used time for CSA cycle 0D  0H  7M 28.6S
------------------------------------------------------------
------------------------------------------------------------
Used time for CSA cycle 0D  0H  7M 32.6S
------------------------------------------------------------
------------------------------------------------------------
Used time for CSA cycle 0D  0H  7M 36.6S
------------------------------------------------------------
------------------------------------------------------------
Used time for CSA cycle 0D  0H  7M 41.0S
------------------------------------------------------------
------------------------------------------------------------
Used time for CSA cycle 0D  0H  7M 45.3S
------------------------------------------------------------
------------------------------------------------------------
Used time for CSA cycle 0D  0H  7M 49.8S
------------------------------------------------------------
------------------------------------------------------------
Used time for CSA cycle 0D  0H  7M 54.6S
------------------------------------------------------------
------------------------------------------------------------
Used time for CSA cycle 0D  0H  7M 59.2S
------------------------------------------------------------
------------------------------------------------------------
Used time for CSA cycle 0D  0H  8M  3.6S
------------------------------------------------------------
------------------------------------------------------------
Total User Time =    980.444 sec
           0 dy  0 hr 16 min 20.444 sec
------------------------------------------------------------
