ERROR: failed in getting bnd parm for LC.2a LC.3r3
============================================================
Initializing LigDock CSA...
Done.
Generating first bank...
Done.
------------------------------------------------------------
Used time for CSA cycle 0D  0H  0M  1.4S
------------------------------------------------------------
------------------------------------------------------------
Used time for CSA cycle 0D  0H  0M  3.3S
------------------------------------------------------------
------------------------------------------------------------
Used time for CSA cycle 0D  0H  0M  5.1S
------------------------------------------------------------
------------------------------------------------------------
Used time for CSA cycle 0D  0H  0M  6.8S
------------------------------------------------------------
------------------------------------------------------------
Used time for CSA cycle 0D  0H  0M  8.5S
------------------------------------------------------------
------------------------------------------------------------
Used time for CSA cycle 0D  0H  0M 15.3S
------------------------------------------------------------
------------------------------------------------------------
Used time for CSA cycle 0D  0H  0M 20.2S
------------------------------------------------------------
------------------------------------------------------------
Used time for CSA cycle 0D  0H  0M 24.9S
------------------------------------------------------------
------------------------------------------------------------
Used time for CSA cycle 0D  0H  0M 28.9S
------------------------------------------------------------
------------------------------------------------------------
Used time for CSA cycle 0D  0H  0M 33.3S
------------------------------------------------------------
------------------------------------------------------------
Used time for CSA cycle 0D  0H  0M 37.4S
------------------------------------------------------------
------------------------------------------------------------
Used time for CSA cycle 0D  0H  0M 41.6S
------------------------------------------------------------
------------------------------------------------------------
Used time for CSA cycle 0D  0H  0M 45.4S
------------------------------------------------------------
------------------------------------------------------------
Used time for CSA cycle 0D  0H  0M 49.5S
------------------------------------------------------------
------------------------------------------------------------
Used time for CSA cycle 0D  0H  0M 53.5S
------------------------------------------------------------
------------------------------------------------------------
Used time for CSA cycle 0D  0H  0M 57.2S
------------------------------------------------------------
------------------------------------------------------------
Used time for CSA cycle 0D  0H  1M  1.3S
------------------------------------------------------------
------------------------------------------------------------
Used time for CSA cycle 0D  0H  1M  5.5S
------------------------------------------------------------
------------------------------------------------------------
Used time for CSA cycle 0D  0H  1M 10.0S
------------------------------------------------------------
------------------------------------------------------------
Used time for CSA cycle 0D  0H  1M 14.2S
------------------------------------------------------------
------------------------------------------------------------
Used time for CSA cycle 0D  0H  1M 18.5S
------------------------------------------------------------
------------------------------------------------------------
Used time for CSA cycle 0D  0H  1M 23.1S
------------------------------------------------------------
------------------------------------------------------------
Used time for CSA cycle 0D  0H  1M 27.9S
------------------------------------------------------------
------------------------------------------------------------
Used time for CSA cycle 0D  0H  1M 33.0S
------------------------------------------------------------
------------------------------------------------------------
Used time for CSA cycle 0D  0H  1M 37.9S
------------------------------------------------------------
------------------------------------------------------------
Used time for CSA cycle 0D  0H  1M 43.0S
------------------------------------------------------------
------------------------------------------------------------
Used time for CSA cycle 0D  0H  1M 47.8S
------------------------------------------------------------
------------------------------------------------------------
Used time for CSA cycle 0D  0H  1M 52.5S
------------------------------------------------------------
------------------------------------------------------------
Used time for CSA cycle 0D  0H  1M 57.3S
------------------------------------------------------------
------------------------------------------------------------
Used time for CSA cycle 0D  0H  2M  2.3S
------------------------------------------------------------
------------------------------------------------------------
Used time for CSA cycle 0D  0H  2M  7.2S
------------------------------------------------------------
------------------------------------------------------------
Used time for CSA cycle 0D  0H  2M 11.8S
------------------------------------------------------------
------------------------------------------------------------
Used time for CSA cycle 0D  0H  2M 16.4S
------------------------------------------------------------
------------------------------------------------------------
Used time for CSA cycle 0D  0H  2M 21.2S
------------------------------------------------------------
------------------------------------------------------------
Used time for CSA cycle 0D  0H  2M 26.2S
------------------------------------------------------------
------------------------------------------------------------
Used time for CSA cycle 0D  0H  2M 31.1S
------------------------------------------------------------
------------------------------------------------------------
Used time for CSA cycle 0D  0H  2M 35.9S
------------------------------------------------------------
------------------------------------------------------------
Used time for CSA cycle 0D  0H  2M 41.0S
------------------------------------------------------------
------------------------------------------------------------
Used time for CSA cycle 0D  0H  2M 45.9S
------------------------------------------------------------
------------------------------------------------------------
Used time for CSA cycle 0D  0H  2M 50.6S
------------------------------------------------------------
------------------------------------------------------------
Used time for CSA cycle 0D  0H  2M 55.0S
------------------------------------------------------------
------------------------------------------------------------
Used time for CSA cycle 0D  0H  2M 59.5S
------------------------------------------------------------
------------------------------------------------------------
Used time for CSA cycle 0D  0H  3M  4.5S
------------------------------------------------------------
------------------------------------------------------------
Used time for CSA cycle 0D  0H  3M  9.2S
------------------------------------------------------------
------------------------------------------------------------
Used time for CSA cycle 0D  0H  3M 14.5S
------------------------------------------------------------
------------------------------------------------------------
Used time for CSA cycle 0D  0H  3M 19.0S
------------------------------------------------------------
------------------------------------------------------------
Used time for CSA cycle 0D  0H  3M 23.7S
------------------------------------------------------------
------------------------------------------------------------
Used time for CSA cycle 0D  0H  3M 28.3S
------------------------------------------------------------
------------------------------------------------------------
Used time for CSA cycle 0D  0H  3M 33.0S
------------------------------------------------------------
------------------------------------------------------------
Used time for CSA cycle 0D  0H  3M 38.1S
------------------------------------------------------------
------------------------------------------------------------
Used time for CSA cycle 0D  0H  3M 42.9S
------------------------------------------------------------
------------------------------------------------------------
Used time for CSA cycle 0D  0H  3M 47.6S
------------------------------------------------------------
------------------------------------------------------------
Used time for CSA cycle 0D  0H  3M 53.0S
------------------------------------------------------------
------------------------------------------------------------
Used time for CSA cycle 0D  0H  3M 58.4S
------------------------------------------------------------
------------------------------------------------------------
Used time for CSA cycle 0D  0H  4M  3.2S
------------------------------------------------------------
------------------------------------------------------------
Used time for CSA cycle 0D  0H  4M  8.0S
------------------------------------------------------------
------------------------------------------------------------
Used time for CSA cycle 0D  0H  4M 12.8S
------------------------------------------------------------
------------------------------------------------------------
Used time for CSA cycle 0D  0H  4M 17.8S
------------------------------------------------------------
------------------------------------------------------------
Used time for CSA cycle 0D  0H  4M 22.7S
------------------------------------------------------------
------------------------------------------------------------
Used time for CSA cycle 0D  0H  4M 28.1S
------------------------------------------------------------
------------------------------------------------------------
Used time for CSA cycle 0D  0H  4M 33.5S
------------------------------------------------------------
------------------------------------------------------------
Used time for CSA cycle 0D  0H  4M 38.8S
------------------------------------------------------------
------------------------------------------------------------
Used time for CSA cycle 0D  0H  4M 44.1S
------------------------------------------------------------
------------------------------------------------------------
Used time for CSA cycle 0D  0H  4M 49.3S
------------------------------------------------------------
------------------------------------------------------------
Used time for CSA cycle 0D  0H  4M 54.4S
------------------------------------------------------------
------------------------------------------------------------
Used time for CSA cycle 0D  0H  4M 59.9S
------------------------------------------------------------
------------------------------------------------------------
Used time for CSA cycle 0D  0H  5M  5.1S
------------------------------------------------------------
------------------------------------------------------------
Used time for CSA cycle 0D  0H  5M  9.9S
------------------------------------------------------------
------------------------------------------------------------
Used time for CSA cycle 0D  0H  5M 14.9S
------------------------------------------------------------
------------------------------------------------------------
Used time for CSA cycle 0D  0H  5M 19.7S
------------------------------------------------------------
------------------------------------------------------------
Used time for CSA cycle 0D  0H  5M 25.0S
------------------------------------------------------------
------------------------------------------------------------
Used time for CSA cycle 0D  0H  5M 29.9S
------------------------------------------------------------
------------------------------------------------------------
Used time for CSA cycle 0D  0H  5M 34.6S
------------------------------------------------------------
------------------------------------------------------------
Used time for CSA cycle 0D  0H  5M 39.4S
------------------------------------------------------------
------------------------------------------------------------
Used time for CSA cycle 0D  0H  5M 44.2S
------------------------------------------------------------
------------------------------------------------------------
Used time for CSA cycle 0D  0H  5M 49.8S
------------------------------------------------------------
------------------------------------------------------------
Used time for CSA cycle 0D  0H  5M 55.4S
------------------------------------------------------------
------------------------------------------------------------
Used time for CSA cycle 0D  0H  6M  0.2S
------------------------------------------------------------
------------------------------------------------------------
Used time for CSA cycle 0D  0H  6M  5.3S
------------------------------------------------------------
------------------------------------------------------------
Used time for CSA cycle 0D  0H  6M 10.0S
------------------------------------------------------------
------------------------------------------------------------
Used time for CSA cycle 0D  0H  6M 14.6S
------------------------------------------------------------
------------------------------------------------------------
Used time for CSA cycle 0D  0H  6M 19.6S
------------------------------------------------------------
------------------------------------------------------------
Used time for CSA cycle 0D  0H  6M 24.5S
------------------------------------------------------------
------------------------------------------------------------
Used time for CSA cycle 0D  0H  6M 29.6S
------------------------------------------------------------
------------------------------------------------------------
Used time for CSA cycle 0D  0H  6M 34.5S
------------------------------------------------------------
------------------------------------------------------------
Used time for CSA cycle 0D  0H  6M 39.5S
------------------------------------------------------------
------------------------------------------------------------
Used time for CSA cycle 0D  0H  6M 44.7S
------------------------------------------------------------
------------------------------------------------------------
Used time for CSA cycle 0D  0H  6M 49.6S
------------------------------------------------------------
------------------------------------------------------------
Used time for CSA cycle 0D  0H  6M 54.5S
------------------------------------------------------------
------------------------------------------------------------
Used time for CSA cycle 0D  0H  6M 59.4S
------------------------------------------------------------
------------------------------------------------------------
Used time for CSA cycle 0D  0H  7M  4.7S
------------------------------------------------------------
------------------------------------------------------------
Used time for CSA cycle 0D  0H  7M  9.7S
------------------------------------------------------------
------------------------------------------------------------
Used time for CSA cycle 0D  0H  7M 14.7S
------------------------------------------------------------
------------------------------------------------------------
Used time for CSA cycle 0D  0H  7M 19.5S
------------------------------------------------------------
------------------------------------------------------------
Used time for CSA cycle 0D  0H  7M 24.8S
------------------------------------------------------------
------------------------------------------------------------
Used time for CSA cycle 0D  0H  7M 30.3S
------------------------------------------------------------
------------------------------------------------------------
Used time for CSA cycle 0D  0H  7M 35.2S
------------------------------------------------------------
------------------------------------------------------------
Used time for CSA cycle 0D  0H  7M 40.3S
------------------------------------------------------------
------------------------------------------------------------
Used time for CSA cycle 0D  0H  7M 45.1S
------------------------------------------------------------
------------------------------------------------------------
Used time for CSA cycle 0D  0H  7M 50.5S
------------------------------------------------------------
------------------------------------------------------------
Used time for CSA cycle 0D  0H  7M 55.6S
------------------------------------------------------------
------------------------------------------------------------
Used time for CSA cycle 0D  0H  8M  0.6S
------------------------------------------------------------
------------------------------------------------------------
Used time for CSA cycle 0D  0H  8M  5.6S
------------------------------------------------------------
------------------------------------------------------------
Used time for CSA cycle 0D  0H  8M 10.7S
------------------------------------------------------------
------------------------------------------------------------
Used time for CSA cycle 0D  0H  8M 15.5S
------------------------------------------------------------
------------------------------------------------------------
Used time for CSA cycle 0D  0H  8M 20.1S
------------------------------------------------------------
------------------------------------------------------------
Used time for CSA cycle 0D  0H  8M 25.5S
------------------------------------------------------------
------------------------------------------------------------
Used time for CSA cycle 0D  0H  8M 30.7S
------------------------------------------------------------
------------------------------------------------------------
Used time for CSA cycle 0D  0H  8M 35.5S
------------------------------------------------------------
------------------------------------------------------------
Used time for CSA cycle 0D  0H  8M 40.1S
------------------------------------------------------------
------------------------------------------------------------
Used time for CSA cycle 0D  0H  8M 45.2S
------------------------------------------------------------
------------------------------------------------------------
Used time for CSA cycle 0D  0H  8M 50.0S
------------------------------------------------------------
------------------------------------------------------------
Used time for CSA cycle 0D  0H  8M 54.9S
------------------------------------------------------------
------------------------------------------------------------
Used time for CSA cycle 0D  0H  8M 59.8S
------------------------------------------------------------
------------------------------------------------------------
Used time for CSA cycle 0D  0H  9M  4.8S
------------------------------------------------------------
------------------------------------------------------------
Used time for CSA cycle 0D  0H  9M 10.1S
------------------------------------------------------------
------------------------------------------------------------
Used time for CSA cycle 0D  0H  9M 15.1S
------------------------------------------------------------
------------------------------------------------------------
Used time for CSA cycle 0D  0H  9M 20.2S
------------------------------------------------------------
------------------------------------------------------------
Used time for CSA cycle 0D  0H  9M 25.6S
------------------------------------------------------------
------------------------------------------------------------
Used time for CSA cycle 0D  0H  9M 30.7S
------------------------------------------------------------
------------------------------------------------------------
Total User Time =    744.895 sec
           0 dy  0 hr 12 min 24.895 sec
------------------------------------------------------------
