ERROR: failed in getting bnd parm for LC.6arLO.3es
============================================================
Initializing LigDock CSA...
Done.
Generating first bank...
Done.
------------------------------------------------------------
Used time for CSA cycle 0D  0H  0M  0.3S
------------------------------------------------------------
------------------------------------------------------------
Used time for CSA cycle 0D  0H  0M  0.6S
------------------------------------------------------------
------------------------------------------------------------
Used time for CSA cycle 0D  0H  0M  1.0S
------------------------------------------------------------
------------------------------------------------------------
Used time for CSA cycle 0D  0H  0M  1.3S
------------------------------------------------------------
------------------------------------------------------------
Used time for CSA cycle 0D  0H  0M  1.6S
------------------------------------------------------------
------------------------------------------------------------
Used time for CSA cycle 0D  0H  0M  2.8S
------------------------------------------------------------
------------------------------------------------------------
Used time for CSA cycle 0D  0H  0M  3.5S
------------------------------------------------------------
------------------------------------------------------------
Used time for CSA cycle 0D  0H  0M  4.2S
------------------------------------------------------------
------------------------------------------------------------
Used time for CSA cycle 0D  0H  0M  4.9S
------------------------------------------------------------
------------------------------------------------------------
Used time for CSA cycle 0D  0H  0M  5.5S
------------------------------------------------------------
------------------------------------------------------------
Used time for CSA cycle 0D  0H  0M  6.3S
------------------------------------------------------------
------------------------------------------------------------
Used time for CSA cycle 0D  0H  0M  6.9S
------------------------------------------------------------
------------------------------------------------------------
Used time for CSA cycle 0D  0H  0M  7.5S
------------------------------------------------------------
------------------------------------------------------------
Used time for CSA cycle 0D  0H  0M  8.1S
------------------------------------------------------------
------------------------------------------------------------
Used time for CSA cycle 0D  0H  0M  8.7S
------------------------------------------------------------
------------------------------------------------------------
Used time for CSA cycle 0D  0H  0M  9.3S
------------------------------------------------------------
------------------------------------------------------------
Used time for CSA cycle 0D  0H  0M  9.8S
------------------------------------------------------------
------------------------------------------------------------
Used time for CSA cycle 0D  0H  0M 10.4S
------------------------------------------------------------
------------------------------------------------------------
Used time for CSA cycle 0D  0H  0M 11.0S
------------------------------------------------------------
------------------------------------------------------------
Used time for CSA cycle 0D  0H  0M 11.5S
------------------------------------------------------------
------------------------------------------------------------
Used time for CSA cycle 0D  0H  0M 12.1S
------------------------------------------------------------
------------------------------------------------------------
Used time for CSA cycle 0D  0H  0M 12.6S
------------------------------------------------------------
------------------------------------------------------------
Used time for CSA cycle 0D  0H  0M 13.1S
------------------------------------------------------------
------------------------------------------------------------
Used time for CSA cycle 0D  0H  0M 13.7S
------------------------------------------------------------
------------------------------------------------------------
Used time for CSA cycle 0D  0H  0M 14.2S
------------------------------------------------------------
------------------------------------------------------------
Used time for CSA cycle 0D  0H  0M 14.8S
------------------------------------------------------------
------------------------------------------------------------
Used time for CSA cycle 0D  0H  0M 15.4S
------------------------------------------------------------
------------------------------------------------------------
Used time for CSA cycle 0D  0H  0M 16.1S
------------------------------------------------------------
------------------------------------------------------------
Used time for CSA cycle 0D  0H  0M 16.8S
------------------------------------------------------------
------------------------------------------------------------
Used time for CSA cycle 0D  0H  0M 17.5S
------------------------------------------------------------
------------------------------------------------------------
Used time for CSA cycle 0D  0H  0M 18.1S
------------------------------------------------------------
------------------------------------------------------------
Used time for CSA cycle 0D  0H  0M 18.8S
------------------------------------------------------------
------------------------------------------------------------
Used time for CSA cycle 0D  0H  0M 19.4S
------------------------------------------------------------
------------------------------------------------------------
Used time for CSA cycle 0D  0H  0M 20.2S
------------------------------------------------------------
------------------------------------------------------------
Used time for CSA cycle 0D  0H  0M 20.8S
------------------------------------------------------------
------------------------------------------------------------
Used time for CSA cycle 0D  0H  0M 21.5S
------------------------------------------------------------
------------------------------------------------------------
Used time for CSA cycle 0D  0H  0M 22.2S
------------------------------------------------------------
------------------------------------------------------------
Used time for CSA cycle 0D  0H  0M 22.9S
------------------------------------------------------------
------------------------------------------------------------
Used time for CSA cycle 0D  0H  0M 23.5S
------------------------------------------------------------
------------------------------------------------------------
Used time for CSA cycle 0D  0H  0M 24.2S
------------------------------------------------------------
------------------------------------------------------------
Used time for CSA cycle 0D  0H  0M 24.9S
------------------------------------------------------------
------------------------------------------------------------
Used time for CSA cycle 0D  0H  0M 25.6S
------------------------------------------------------------
------------------------------------------------------------
Used time for CSA cycle 0D  0H  0M 26.3S
------------------------------------------------------------
------------------------------------------------------------
Used time for CSA cycle 0D  0H  0M 27.0S
------------------------------------------------------------
------------------------------------------------------------
Used time for CSA cycle 0D  0H  0M 27.7S
------------------------------------------------------------
------------------------------------------------------------
Used time for CSA cycle 0D  0H  0M 28.4S
------------------------------------------------------------
------------------------------------------------------------
Used time for CSA cycle 0D  0H  0M 29.1S
------------------------------------------------------------
------------------------------------------------------------
Used time for CSA cycle 0D  0H  0M 29.8S
------------------------------------------------------------
------------------------------------------------------------
Used time for CSA cycle 0D  0H  0M 30.6S
------------------------------------------------------------
------------------------------------------------------------
Used time for CSA cycle 0D  0H  0M 31.3S
------------------------------------------------------------
------------------------------------------------------------
Used time for CSA cycle 0D  0H  0M 32.1S
------------------------------------------------------------
------------------------------------------------------------
Used time for CSA cycle 0D  0H  0M 32.9S
------------------------------------------------------------
------------------------------------------------------------
Used time for CSA cycle 0D  0H  0M 33.6S
------------------------------------------------------------
------------------------------------------------------------
Used time for CSA cycle 0D  0H  0M 34.4S
------------------------------------------------------------
------------------------------------------------------------
Used time for CSA cycle 0D  0H  0M 35.1S
------------------------------------------------------------
------------------------------------------------------------
Used time for CSA cycle 0D  0H  0M 35.9S
------------------------------------------------------------
------------------------------------------------------------
Used time for CSA cycle 0D  0H  0M 36.6S
------------------------------------------------------------
------------------------------------------------------------
Used time for CSA cycle 0D  0H  0M 37.4S
------------------------------------------------------------
------------------------------------------------------------
Used time for CSA cycle 0D  0H  0M 38.2S
------------------------------------------------------------
------------------------------------------------------------
Used time for CSA cycle 0D  0H  0M 38.9S
------------------------------------------------------------
------------------------------------------------------------
Used time for CSA cycle 0D  0H  0M 39.6S
------------------------------------------------------------
------------------------------------------------------------
Used time for CSA cycle 0D  0H  0M 40.4S
------------------------------------------------------------
------------------------------------------------------------
Used time for CSA cycle 0D  0H  0M 41.1S
------------------------------------------------------------
------------------------------------------------------------
Used time for CSA cycle 0D  0H  0M 41.9S
------------------------------------------------------------
------------------------------------------------------------
Used time for CSA cycle 0D  0H  0M 42.6S
------------------------------------------------------------
------------------------------------------------------------
Used time for CSA cycle 0D  0H  0M 43.4S
------------------------------------------------------------
------------------------------------------------------------
Used time for CSA cycle 0D  0H  0M 44.1S
------------------------------------------------------------
------------------------------------------------------------
Used time for CSA cycle 0D  0H  0M 44.8S
------------------------------------------------------------
------------------------------------------------------------
Used time for CSA cycle 0D  0H  0M 45.5S
------------------------------------------------------------
------------------------------------------------------------
Used time for CSA cycle 0D  0H  0M 46.3S
------------------------------------------------------------
------------------------------------------------------------
Used time for CSA cycle 0D  0H  0M 47.0S
------------------------------------------------------------
------------------------------------------------------------
Used time for CSA cycle 0D  0H  0M 47.7S
------------------------------------------------------------
------------------------------------------------------------
Used time for CSA cycle 0D  0H  0M 48.4S
------------------------------------------------------------
------------------------------------------------------------
Used time for CSA cycle 0D  0H  0M 49.2S
------------------------------------------------------------
------------------------------------------------------------
Used time for CSA cycle 0D  0H  0M 50.0S
------------------------------------------------------------
------------------------------------------------------------
Used time for CSA cycle 0D  0H  0M 50.7S
------------------------------------------------------------
------------------------------------------------------------
Used time for CSA cycle 0D  0H  0M 51.4S
------------------------------------------------------------
------------------------------------------------------------
Used time for CSA cycle 0D  0H  0M 51.9S
------------------------------------------------------------
------------------------------------------------------------
Used time for CSA cycle 0D  0H  0M 52.5S
------------------------------------------------------------
------------------------------------------------------------
Used time for CSA cycle 0D  0H  0M 53.1S
------------------------------------------------------------
------------------------------------------------------------
Used time for CSA cycle 0D  0H  0M 53.7S
------------------------------------------------------------
------------------------------------------------------------
Used time for CSA cycle 0D  0H  0M 54.3S
------------------------------------------------------------
------------------------------------------------------------
Used time for CSA cycle 0D  0H  0M 55.0S
------------------------------------------------------------
------------------------------------------------------------
Used time for CSA cycle 0D  0H  0M 55.7S
------------------------------------------------------------
------------------------------------------------------------
Used time for CSA cycle 0D  0H  0M 56.5S
------------------------------------------------------------
------------------------------------------------------------
Used time for CSA cycle 0D  0H  0M 57.2S
------------------------------------------------------------
------------------------------------------------------------
Used time for CSA cycle 0D  0H  0M 58.0S
------------------------------------------------------------
------------------------------------------------------------
Used time for CSA cycle 0D  0H  0M 58.8S
------------------------------------------------------------
------------------------------------------------------------
Used time for CSA cycle 0D  0H  0M 59.4S
------------------------------------------------------------
------------------------------------------------------------
Used time for CSA cycle 0D  0H  1M  0.2S
------------------------------------------------------------
------------------------------------------------------------
Used time for CSA cycle 0D  0H  1M  0.8S
------------------------------------------------------------
------------------------------------------------------------
Used time for CSA cycle 0D  0H  1M  1.6S
------------------------------------------------------------
------------------------------------------------------------
Used time for CSA cycle 0D  0H  1M  2.3S
------------------------------------------------------------
------------------------------------------------------------
Used time for CSA cycle 0D  0H  1M  3.0S
------------------------------------------------------------
------------------------------------------------------------
Used time for CSA cycle 0D  0H  1M  3.7S
------------------------------------------------------------
------------------------------------------------------------
Used time for CSA cycle 0D  0H  1M  4.4S
------------------------------------------------------------
------------------------------------------------------------
Used time for CSA cycle 0D  0H  1M  5.1S
------------------------------------------------------------
------------------------------------------------------------
Used time for CSA cycle 0D  0H  1M  5.9S
------------------------------------------------------------
------------------------------------------------------------
Used time for CSA cycle 0D  0H  1M  6.6S
------------------------------------------------------------
------------------------------------------------------------
Used time for CSA cycle 0D  0H  1M  7.2S
------------------------------------------------------------
------------------------------------------------------------
Used time for CSA cycle 0D  0H  1M  7.9S
------------------------------------------------------------
------------------------------------------------------------
Used time for CSA cycle 0D  0H  1M  8.6S
------------------------------------------------------------
------------------------------------------------------------
Used time for CSA cycle 0D  0H  1M  9.3S
------------------------------------------------------------
------------------------------------------------------------
Used time for CSA cycle 0D  0H  1M 10.0S
------------------------------------------------------------
------------------------------------------------------------
Used time for CSA cycle 0D  0H  1M 10.7S
------------------------------------------------------------
------------------------------------------------------------
Used time for CSA cycle 0D  0H  1M 11.5S
------------------------------------------------------------
------------------------------------------------------------
Used time for CSA cycle 0D  0H  1M 12.2S
------------------------------------------------------------
------------------------------------------------------------
Used time for CSA cycle 0D  0H  1M 13.0S
------------------------------------------------------------
------------------------------------------------------------
Used time for CSA cycle 0D  0H  1M 13.7S
------------------------------------------------------------
------------------------------------------------------------
Used time for CSA cycle 0D  0H  1M 14.5S
------------------------------------------------------------
------------------------------------------------------------
Used time for CSA cycle 0D  0H  1M 15.2S
------------------------------------------------------------
------------------------------------------------------------
Used time for CSA cycle 0D  0H  1M 15.9S
------------------------------------------------------------
------------------------------------------------------------
Used time for CSA cycle 0D  0H  1M 16.6S
------------------------------------------------------------
------------------------------------------------------------
Used time for CSA cycle 0D  0H  1M 17.3S
------------------------------------------------------------
------------------------------------------------------------
Used time for CSA cycle 0D  0H  1M 18.1S
------------------------------------------------------------
------------------------------------------------------------
Used time for CSA cycle 0D  0H  1M 18.8S
------------------------------------------------------------
------------------------------------------------------------
Used time for CSA cycle 0D  0H  1M 19.5S
------------------------------------------------------------
------------------------------------------------------------
Used time for CSA cycle 0D  0H  1M 20.2S
------------------------------------------------------------
------------------------------------------------------------
Used time for CSA cycle 0D  0H  1M 21.0S
------------------------------------------------------------
------------------------------------------------------------
Used time for CSA cycle 0D  0H  1M 21.7S
------------------------------------------------------------
------------------------------------------------------------
Used time for CSA cycle 0D  0H  1M 22.4S
------------------------------------------------------------
------------------------------------------------------------
Used time for CSA cycle 0D  0H  1M 23.2S
------------------------------------------------------------
------------------------------------------------------------
Used time for CSA cycle 0D  0H  1M 23.8S
------------------------------------------------------------
------------------------------------------------------------
Used time for CSA cycle 0D  0H  1M 24.5S
------------------------------------------------------------
------------------------------------------------------------
Used time for CSA cycle 0D  0H  1M 25.2S
------------------------------------------------------------
------------------------------------------------------------
Used time for CSA cycle 0D  0H  1M 25.9S
------------------------------------------------------------
------------------------------------------------------------
Used time for CSA cycle 0D  0H  1M 26.6S
------------------------------------------------------------
------------------------------------------------------------
Used time for CSA cycle 0D  0H  1M 27.4S
------------------------------------------------------------
------------------------------------------------------------
Used time for CSA cycle 0D  0H  1M 28.1S
------------------------------------------------------------
------------------------------------------------------------
Used time for CSA cycle 0D  0H  1M 28.8S
------------------------------------------------------------
------------------------------------------------------------
Used time for CSA cycle 0D  0H  1M 29.6S
------------------------------------------------------------
------------------------------------------------------------
Used time for CSA cycle 0D  0H  1M 30.3S
------------------------------------------------------------
------------------------------------------------------------
Used time for CSA cycle 0D  0H  1M 31.0S
------------------------------------------------------------
------------------------------------------------------------
Used time for CSA cycle 0D  0H  1M 31.6S
------------------------------------------------------------
------------------------------------------------------------
Used time for CSA cycle 0D  0H  1M 32.3S
------------------------------------------------------------
------------------------------------------------------------
Used time for CSA cycle 0D  0H  1M 33.0S
------------------------------------------------------------
------------------------------------------------------------
Used time for CSA cycle 0D  0H  1M 33.7S
------------------------------------------------------------
------------------------------------------------------------
Used time for CSA cycle 0D  0H  1M 34.4S
------------------------------------------------------------
------------------------------------------------------------
Used time for CSA cycle 0D  0H  1M 35.1S
------------------------------------------------------------
------------------------------------------------------------
Used time for CSA cycle 0D  0H  1M 35.8S
------------------------------------------------------------
------------------------------------------------------------
Used time for CSA cycle 0D  0H  1M 36.5S
------------------------------------------------------------
------------------------------------------------------------
Used time for CSA cycle 0D  0H  1M 37.2S
------------------------------------------------------------
------------------------------------------------------------
Used time for CSA cycle 0D  0H  1M 37.9S
------------------------------------------------------------
------------------------------------------------------------
Used time for CSA cycle 0D  0H  1M 38.6S
------------------------------------------------------------
------------------------------------------------------------
Total User Time =    581.017 sec
           0 dy  0 hr  9 min 41.017 sec
------------------------------------------------------------
