

                  PLANTS
        Protein-Ligand ANT System
               version 1.2


author: Oliver Korb

scientific contributors: T.E. Exner, T. Stuetzle

contact: Oliver.Korb@uni-konstanz.de



-------------------------------------------------------------
Ligand data file: aspirin_SPORES.mol2 (entry 1)
-------------------------------------------------------------


Input molecule: aspirin_SPORES.mol2
Description: aspirin


Ligand rotatable bonds (3): 
C    (3   , C.ar ) -O    (11  , O.3  )
C    (8   , C.ar ) -C    (9   , C.2  )
O    (11  , O.3  ) -C    (2   , C.2  )


Ligand formal charge table:
12    O     -0.50
13    O     -0.50
Ligand formal charge: -1.00


Atom type assignment for partial score term CHEMPLP-PLP:

ACCEPTOR(3): 
    O(  10)          O(  12) [ch]     O(  13) [ch] 

NONPOLAR(10): 
    C(   1)          C(   2)          C(   3)          C(   4)          C(   5)          C(   6)          C(   7)          C(   8)      
    C(   9)          O(  11)      

Atom type assignment for partial score term CHEM-HB:

ACCEPTOR(3): 
    O(  10)          O(  12) [ch]     O(  13) [ch] 

NONPOLAR(10): 
    C(   1)          C(   2)          C(   3)          C(   4)          C(   5)          C(   6)          C(   7)          C(   8)      
    C(   9)          O(  11)      

Intra-ligand score: CLASH2
Ligand clash pairs: 38

Ligand torsions: 8 (8 parameters matched)

Ligand input conformation score: -13.70

PLPtotal,PLPparthbond,PLPpartsteric,PLPpartmetal,PLPpartrepulsive,PLPpartburpolar,LIG_NUM_CLASH,LIG_NUM_CONTACT,LIG_NUM_NO_CONTACT,CHEMpartmetal,CHEMparthbond,CHEMparthbondCHO,DON,ACC,UNUSED_DON,UNUSED_ACC,CHEMPLP_CLASH2,TRIPOS_TORS

0,0,0,0,0,0,0,0,13,0,0,0,0,3,0,3,1.49596,2.40001

ACO iterations 196  time 55.51s  evaluations 7902887

Cluster time 2.28s (max. 100 structures, RMSD similarity 2.00 A):

rank  1  score   -68.05  file aspirin_entry_00001_conf_01
rank  2  score   -65.27  file aspirin_entry_00001_conf_02
rank  3  score   -62.46  file aspirin_entry_00001_conf_03
rank  4  score   -62.29  file aspirin_entry_00001_conf_04
rank  5  score   -60.44  file aspirin_entry_00001_conf_05
rank  6  score   -59.79  file aspirin_entry_00001_conf_06
rank  7  score   -57.51  file aspirin_entry_00001_conf_07
rank  8  score   -56.51  file aspirin_entry_00001_conf_08
rank  9  score   -56.05  file aspirin_entry_00001_conf_09
rank 10  score   -55.94  file aspirin_entry_00001_conf_10
rank 11  score   -54.82  file aspirin_entry_00001_conf_11
rank 12  score   -54.73  file aspirin_entry_00001_conf_12
rank 13  score   -54.16  file aspirin_entry_00001_conf_13
rank 14  score   -54.13  file aspirin_entry_00001_conf_14
rank 15  score   -53.88  file aspirin_entry_00001_conf_15
rank 16  score   -52.42  file aspirin_entry_00001_conf_16
rank 17  score   -52.12  file aspirin_entry_00001_conf_17
rank 18  score   -51.77  file aspirin_entry_00001_conf_18
rank 19  score   -51.63  file aspirin_entry_00001_conf_19
rank 20  score   -51.41  file aspirin_entry_00001_conf_20
rank 21  score   -51.24  file aspirin_entry_00001_conf_21
rank 22  score   -51.23  file aspirin_entry_00001_conf_22
rank 23  score   -50.61  file aspirin_entry_00001_conf_23
rank 24  score   -50.58  file aspirin_entry_00001_conf_24
rank 25  score   -50.27  file aspirin_entry_00001_conf_25
rank 26  score   -49.53  file aspirin_entry_00001_conf_26
rank 27  score   -49.39  file aspirin_entry_00001_conf_27
rank 28  score   -49.01  file aspirin_entry_00001_conf_28
rank 29  score   -48.90  file aspirin_entry_00001_conf_29
rank 30  score   -48.87  file aspirin_entry_00001_conf_30
rank 31  score   -48.75  file aspirin_entry_00001_conf_31
rank 32  score   -48.75  file aspirin_entry_00001_conf_32
rank 33  score   -48.27  file aspirin_entry_00001_conf_33
rank 34  score   -48.08  file aspirin_entry_00001_conf_34
rank 35  score   -47.96  file aspirin_entry_00001_conf_35
rank 36  score   -47.92  file aspirin_entry_00001_conf_36
rank 37  score   -47.90  file aspirin_entry_00001_conf_37
rank 38  score   -47.79  file aspirin_entry_00001_conf_38
rank 39  score   -47.67  file aspirin_entry_00001_conf_39
rank 40  score   -47.20  file aspirin_entry_00001_conf_40
rank 41  score   -46.36  file aspirin_entry_00001_conf_41
rank 42  score   -46.06  file aspirin_entry_00001_conf_42
rank 43  score   -46.02  file aspirin_entry_00001_conf_43
rank 44  score   -45.88  file aspirin_entry_00001_conf_44
rank 45  score   -45.77  file aspirin_entry_00001_conf_45
rank 46  score   -45.41  file aspirin_entry_00001_conf_46
rank 47  score   -45.33  file aspirin_entry_00001_conf_47
rank 48  score   -45.13  file aspirin_entry_00001_conf_48
rank 49  score   -44.80  file aspirin_entry_00001_conf_49
rank 50  score   -44.58  file aspirin_entry_00001_conf_50
rank 51  score   -44.51  file aspirin_entry_00001_conf_51
rank 52  score   -44.50  file aspirin_entry_00001_conf_52
rank 53  score   -44.44  file aspirin_entry_00001_conf_53
rank 54  score   -44.15  file aspirin_entry_00001_conf_54
rank 55  score   -44.14  file aspirin_entry_00001_conf_55
rank 56  score   -43.87  file aspirin_entry_00001_conf_56
rank 57  score   -43.75  file aspirin_entry_00001_conf_57
rank 58  score   -43.64  file aspirin_entry_00001_conf_58
rank 59  score   -43.60  file aspirin_entry_00001_conf_59
rank 60  score   -43.02  file aspirin_entry_00001_conf_60
rank 61  score   -42.93  file aspirin_entry_00001_conf_61
rank 62  score   -42.92  file aspirin_entry_00001_conf_62
rank 63  score   -42.79  file aspirin_entry_00001_conf_63
rank 64  score   -42.34  file aspirin_entry_00001_conf_64
rank 65  score   -42.28  file aspirin_entry_00001_conf_65
rank 66  score   -42.27  file aspirin_entry_00001_conf_66
rank 67  score   -42.18  file aspirin_entry_00001_conf_67
rank 68  score   -42.18  file aspirin_entry_00001_conf_68
rank 69  score   -42.09  file aspirin_entry_00001_conf_69
rank 70  score   -42.09  file aspirin_entry_00001_conf_70
rank 71  score   -42.01  file aspirin_entry_00001_conf_71
rank 72  score   -42.01  file aspirin_entry_00001_conf_72
rank 73  score   -41.94  file aspirin_entry_00001_conf_73
rank 74  score   -41.85  file aspirin_entry_00001_conf_74
rank 75  score   -41.46  file aspirin_entry_00001_conf_75
rank 76  score   -41.29  file aspirin_entry_00001_conf_76
rank 77  score   -41.12  file aspirin_entry_00001_conf_77
rank 78  score   -41.08  file aspirin_entry_00001_conf_78
rank 79  score   -41.02  file aspirin_entry_00001_conf_79
rank 80  score   -40.99  file aspirin_entry_00001_conf_80
rank 81  score   -40.83  file aspirin_entry_00001_conf_81
rank 82  score   -40.82  file aspirin_entry_00001_conf_82
rank 83  score   -40.73  file aspirin_entry_00001_conf_83
rank 84  score   -40.64  file aspirin_entry_00001_conf_84
rank 85  score   -40.57  file aspirin_entry_00001_conf_85
rank 86  score   -40.45  file aspirin_entry_00001_conf_86
rank 87  score   -40.35  file aspirin_entry_00001_conf_87
rank 88  score   -40.17  file aspirin_entry_00001_conf_88
rank 89  score   -40.11  file aspirin_entry_00001_conf_89
rank 90  score   -40.10  file aspirin_entry_00001_conf_90
rank 91  score   -40.02  file aspirin_entry_00001_conf_91
rank 92  score   -40.01  file aspirin_entry_00001_conf_92
rank 93  score   -39.99  file aspirin_entry_00001_conf_93
rank 94  score   -39.96  file aspirin_entry_00001_conf_94
rank 95  score   -39.93  file aspirin_entry_00001_conf_95
rank 96  score   -39.90  file aspirin_entry_00001_conf_96
rank 97  score   -39.59  file aspirin_entry_00001_conf_97
rank 98  score   -39.58  file aspirin_entry_00001_conf_98
rank 99  score   -39.50  file aspirin_entry_00001_conf_99
rank 100  score   -39.46  file aspirin_entry_00001_conf_100


