============================================================
Initializing LigDock CSA...
Done.
Generating first bank...
Done.
------------------------------------------------------------
Used time for CSA cycle 0D  0H  0M  0.6S
------------------------------------------------------------
------------------------------------------------------------
Used time for CSA cycle 0D  0H  0M  1.2S
------------------------------------------------------------
------------------------------------------------------------
Used time for CSA cycle 0D  0H  0M  1.7S
------------------------------------------------------------
------------------------------------------------------------
Used time for CSA cycle 0D  0H  0M  2.3S
------------------------------------------------------------
------------------------------------------------------------
Used time for CSA cycle 0D  0H  0M  2.9S
------------------------------------------------------------
------------------------------------------------------------
Used time for CSA cycle 0D  0H  0M  4.5S
------------------------------------------------------------
------------------------------------------------------------
Used time for CSA cycle 0D  0H  0M  5.8S
------------------------------------------------------------
------------------------------------------------------------
Used time for CSA cycle 0D  0H  0M  6.9S
------------------------------------------------------------
------------------------------------------------------------
Used time for CSA cycle 0D  0H  0M  8.0S
------------------------------------------------------------
------------------------------------------------------------
Used time for CSA cycle 0D  0H  0M  8.9S
------------------------------------------------------------
------------------------------------------------------------
Used time for CSA cycle 0D  0H  0M  9.9S
------------------------------------------------------------
------------------------------------------------------------
Used time for CSA cycle 0D  0H  0M 10.8S
------------------------------------------------------------
------------------------------------------------------------
Used time for CSA cycle 0D  0H  0M 11.7S
------------------------------------------------------------
------------------------------------------------------------
Used time for CSA cycle 0D  0H  0M 12.7S
------------------------------------------------------------
------------------------------------------------------------
Used time for CSA cycle 0D  0H  0M 13.6S
------------------------------------------------------------
------------------------------------------------------------
Used time for CSA cycle 0D  0H  0M 14.6S
------------------------------------------------------------
------------------------------------------------------------
Used time for CSA cycle 0D  0H  0M 15.5S
------------------------------------------------------------
------------------------------------------------------------
Used time for CSA cycle 0D  0H  0M 16.5S
------------------------------------------------------------
------------------------------------------------------------
Used time for CSA cycle 0D  0H  0M 17.4S
------------------------------------------------------------
------------------------------------------------------------
Used time for CSA cycle 0D  0H  0M 18.2S
------------------------------------------------------------
------------------------------------------------------------
Used time for CSA cycle 0D  0H  0M 19.1S
------------------------------------------------------------
------------------------------------------------------------
Used time for CSA cycle 0D  0H  0M 20.0S
------------------------------------------------------------
------------------------------------------------------------
Used time for CSA cycle 0D  0H  0M 21.0S
------------------------------------------------------------
------------------------------------------------------------
Used time for CSA cycle 0D  0H  0M 21.9S
------------------------------------------------------------
------------------------------------------------------------
Used time for CSA cycle 0D  0H  0M 22.9S
------------------------------------------------------------
------------------------------------------------------------
Used time for CSA cycle 0D  0H  0M 23.8S
------------------------------------------------------------
------------------------------------------------------------
Used time for CSA cycle 0D  0H  0M 24.8S
------------------------------------------------------------
------------------------------------------------------------
Used time for CSA cycle 0D  0H  0M 25.9S
------------------------------------------------------------
------------------------------------------------------------
Used time for CSA cycle 0D  0H  0M 26.9S
------------------------------------------------------------
------------------------------------------------------------
Used time for CSA cycle 0D  0H  0M 28.0S
------------------------------------------------------------
------------------------------------------------------------
Used time for CSA cycle 0D  0H  0M 29.1S
------------------------------------------------------------
------------------------------------------------------------
Used time for CSA cycle 0D  0H  0M 30.2S
------------------------------------------------------------
------------------------------------------------------------
Used time for CSA cycle 0D  0H  0M 31.4S
------------------------------------------------------------
------------------------------------------------------------
Used time for CSA cycle 0D  0H  0M 32.5S
------------------------------------------------------------
------------------------------------------------------------
Used time for CSA cycle 0D  0H  0M 33.7S
------------------------------------------------------------
------------------------------------------------------------
Used time for CSA cycle 0D  0H  0M 34.8S
------------------------------------------------------------
------------------------------------------------------------
Used time for CSA cycle 0D  0H  0M 35.8S
------------------------------------------------------------
------------------------------------------------------------
Used time for CSA cycle 0D  0H  0M 37.0S
------------------------------------------------------------
------------------------------------------------------------
Used time for CSA cycle 0D  0H  0M 38.2S
------------------------------------------------------------
------------------------------------------------------------
Used time for CSA cycle 0D  0H  0M 39.3S
------------------------------------------------------------
------------------------------------------------------------
Used time for CSA cycle 0D  0H  0M 40.4S
------------------------------------------------------------
------------------------------------------------------------
Used time for CSA cycle 0D  0H  0M 41.7S
------------------------------------------------------------
------------------------------------------------------------
Used time for CSA cycle 0D  0H  0M 42.9S
------------------------------------------------------------
------------------------------------------------------------
Used time for CSA cycle 0D  0H  0M 44.1S
------------------------------------------------------------
------------------------------------------------------------
Used time for CSA cycle 0D  0H  0M 45.3S
------------------------------------------------------------
------------------------------------------------------------
Used time for CSA cycle 0D  0H  0M 46.6S
------------------------------------------------------------
------------------------------------------------------------
Used time for CSA cycle 0D  0H  0M 47.7S
------------------------------------------------------------
------------------------------------------------------------
Used time for CSA cycle 0D  0H  0M 48.9S
------------------------------------------------------------
------------------------------------------------------------
Used time for CSA cycle 0D  0H  0M 50.1S
------------------------------------------------------------
------------------------------------------------------------
Used time for CSA cycle 0D  0H  0M 51.4S
------------------------------------------------------------
------------------------------------------------------------
Used time for CSA cycle 0D  0H  0M 52.5S
------------------------------------------------------------
------------------------------------------------------------
Used time for CSA cycle 0D  0H  0M 53.6S
------------------------------------------------------------
------------------------------------------------------------
Used time for CSA cycle 0D  0H  0M 54.8S
------------------------------------------------------------
------------------------------------------------------------
Used time for CSA cycle 0D  0H  0M 55.9S
------------------------------------------------------------
------------------------------------------------------------
Used time for CSA cycle 0D  0H  0M 57.1S
------------------------------------------------------------
------------------------------------------------------------
Used time for CSA cycle 0D  0H  0M 58.4S
------------------------------------------------------------
------------------------------------------------------------
Used time for CSA cycle 0D  0H  0M 59.6S
------------------------------------------------------------
------------------------------------------------------------
Used time for CSA cycle 0D  0H  1M  0.8S
------------------------------------------------------------
------------------------------------------------------------
Used time for CSA cycle 0D  0H  1M  2.0S
------------------------------------------------------------
------------------------------------------------------------
Used time for CSA cycle 0D  0H  1M  3.3S
------------------------------------------------------------
------------------------------------------------------------
Used time for CSA cycle 0D  0H  1M  4.6S
------------------------------------------------------------
------------------------------------------------------------
Used time for CSA cycle 0D  0H  1M  5.8S
------------------------------------------------------------
------------------------------------------------------------
Used time for CSA cycle 0D  0H  1M  7.0S
------------------------------------------------------------
------------------------------------------------------------
Used time for CSA cycle 0D  0H  1M  8.2S
------------------------------------------------------------
------------------------------------------------------------
Used time for CSA cycle 0D  0H  1M  9.5S
------------------------------------------------------------
------------------------------------------------------------
Used time for CSA cycle 0D  0H  1M 10.7S
------------------------------------------------------------
------------------------------------------------------------
Used time for CSA cycle 0D  0H  1M 12.1S
------------------------------------------------------------
------------------------------------------------------------
Used time for CSA cycle 0D  0H  1M 13.3S
------------------------------------------------------------
------------------------------------------------------------
Used time for CSA cycle 0D  0H  1M 14.6S
------------------------------------------------------------
------------------------------------------------------------
Used time for CSA cycle 0D  0H  1M 15.8S
------------------------------------------------------------
------------------------------------------------------------
Used time for CSA cycle 0D  0H  1M 17.1S
------------------------------------------------------------
------------------------------------------------------------
Used time for CSA cycle 0D  0H  1M 18.4S
------------------------------------------------------------
------------------------------------------------------------
Used time for CSA cycle 0D  0H  1M 19.6S
------------------------------------------------------------
------------------------------------------------------------
Used time for CSA cycle 0D  0H  1M 20.9S
------------------------------------------------------------
------------------------------------------------------------
Used time for CSA cycle 0D  0H  1M 22.1S
------------------------------------------------------------
------------------------------------------------------------
Used time for CSA cycle 0D  0H  1M 23.3S
------------------------------------------------------------
------------------------------------------------------------
Used time for CSA cycle 0D  0H  1M 24.5S
------------------------------------------------------------
------------------------------------------------------------
Used time for CSA cycle 0D  0H  1M 25.6S
------------------------------------------------------------
------------------------------------------------------------
Used time for CSA cycle 0D  0H  1M 26.8S
------------------------------------------------------------
------------------------------------------------------------
Used time for CSA cycle 0D  0H  1M 27.9S
------------------------------------------------------------
------------------------------------------------------------
Used time for CSA cycle 0D  0H  1M 29.1S
------------------------------------------------------------
------------------------------------------------------------
Used time for CSA cycle 0D  0H  1M 30.3S
------------------------------------------------------------
------------------------------------------------------------
Used time for CSA cycle 0D  0H  1M 31.5S
------------------------------------------------------------
------------------------------------------------------------
Used time for CSA cycle 0D  0H  1M 32.6S
------------------------------------------------------------
------------------------------------------------------------
Used time for CSA cycle 0D  0H  1M 33.8S
------------------------------------------------------------
------------------------------------------------------------
Used time for CSA cycle 0D  0H  1M 35.0S
------------------------------------------------------------
------------------------------------------------------------
Used time for CSA cycle 0D  0H  1M 36.2S
------------------------------------------------------------
------------------------------------------------------------
Used time for CSA cycle 0D  0H  1M 37.5S
------------------------------------------------------------
------------------------------------------------------------
Used time for CSA cycle 0D  0H  1M 38.7S
------------------------------------------------------------
------------------------------------------------------------
Used time for CSA cycle 0D  0H  1M 39.9S
------------------------------------------------------------
------------------------------------------------------------
Used time for CSA cycle 0D  0H  1M 41.0S
------------------------------------------------------------
------------------------------------------------------------
Used time for CSA cycle 0D  0H  1M 42.2S
------------------------------------------------------------
------------------------------------------------------------
Used time for CSA cycle 0D  0H  1M 43.5S
------------------------------------------------------------
------------------------------------------------------------
Used time for CSA cycle 0D  0H  1M 44.6S
------------------------------------------------------------
------------------------------------------------------------
Used time for CSA cycle 0D  0H  1M 45.9S
------------------------------------------------------------
------------------------------------------------------------
Used time for CSA cycle 0D  0H  1M 47.1S
------------------------------------------------------------
------------------------------------------------------------
Used time for CSA cycle 0D  0H  1M 48.3S
------------------------------------------------------------
------------------------------------------------------------
Used time for CSA cycle 0D  0H  1M 49.5S
------------------------------------------------------------
------------------------------------------------------------
Used time for CSA cycle 0D  0H  1M 50.7S
------------------------------------------------------------
------------------------------------------------------------
Used time for CSA cycle 0D  0H  1M 51.8S
------------------------------------------------------------
------------------------------------------------------------
Used time for CSA cycle 0D  0H  1M 53.1S
------------------------------------------------------------
------------------------------------------------------------
Used time for CSA cycle 0D  0H  1M 54.3S
------------------------------------------------------------
------------------------------------------------------------
Used time for CSA cycle 0D  0H  1M 55.4S
------------------------------------------------------------
------------------------------------------------------------
Used time for CSA cycle 0D  0H  1M 56.5S
------------------------------------------------------------
------------------------------------------------------------
Used time for CSA cycle 0D  0H  1M 57.8S
------------------------------------------------------------
------------------------------------------------------------
Used time for CSA cycle 0D  0H  1M 58.9S
------------------------------------------------------------
------------------------------------------------------------
Used time for CSA cycle 0D  0H  2M  0.0S
------------------------------------------------------------
------------------------------------------------------------
Used time for CSA cycle 0D  0H  2M  1.1S
------------------------------------------------------------
------------------------------------------------------------
Used time for CSA cycle 0D  0H  2M  2.3S
------------------------------------------------------------
------------------------------------------------------------
Used time for CSA cycle 0D  0H  2M  3.3S
------------------------------------------------------------
------------------------------------------------------------
Used time for CSA cycle 0D  0H  2M  4.5S
------------------------------------------------------------
------------------------------------------------------------
Used time for CSA cycle 0D  0H  2M  5.6S
------------------------------------------------------------
------------------------------------------------------------
Used time for CSA cycle 0D  0H  2M  6.6S
------------------------------------------------------------
------------------------------------------------------------
Used time for CSA cycle 0D  0H  2M  7.7S
------------------------------------------------------------
------------------------------------------------------------
Used time for CSA cycle 0D  0H  2M  8.8S
------------------------------------------------------------
------------------------------------------------------------
Used time for CSA cycle 0D  0H  2M 10.1S
------------------------------------------------------------
------------------------------------------------------------
Used time for CSA cycle 0D  0H  2M 11.2S
------------------------------------------------------------
------------------------------------------------------------
Used time for CSA cycle 0D  0H  2M 12.4S
------------------------------------------------------------
------------------------------------------------------------
Used time for CSA cycle 0D  0H  2M 13.6S
------------------------------------------------------------
------------------------------------------------------------
Used time for CSA cycle 0D  0H  2M 14.8S
------------------------------------------------------------
------------------------------------------------------------
Used time for CSA cycle 0D  0H  2M 16.1S
------------------------------------------------------------
------------------------------------------------------------
Used time for CSA cycle 0D  0H  2M 17.3S
------------------------------------------------------------
------------------------------------------------------------
Used time for CSA cycle 0D  0H  2M 18.5S
------------------------------------------------------------
------------------------------------------------------------
Used time for CSA cycle 0D  0H  2M 19.8S
------------------------------------------------------------
------------------------------------------------------------
Total User Time =    623.207 sec
           0 dy  0 hr 10 min 23.207 sec
------------------------------------------------------------
