ERROR: failed in getting bnd parm for LC.2a LC.3r3
============================================================
Initializing LigDock CSA...
Done.
Generating first bank...
Done.
------------------------------------------------------------
Used time for CSA cycle 0D  0H  0M  2.4S
------------------------------------------------------------
------------------------------------------------------------
Used time for CSA cycle 0D  0H  0M  4.7S
------------------------------------------------------------
------------------------------------------------------------
Used time for CSA cycle 0D  0H  0M  6.6S
------------------------------------------------------------
------------------------------------------------------------
Used time for CSA cycle 0D  0H  0M  8.5S
------------------------------------------------------------
------------------------------------------------------------
Used time for CSA cycle 0D  0H  0M 10.4S
------------------------------------------------------------
------------------------------------------------------------
Used time for CSA cycle 0D  0H  0M 17.6S
------------------------------------------------------------
------------------------------------------------------------
Used time for CSA cycle 0D  0H  0M 22.0S
------------------------------------------------------------
------------------------------------------------------------
Used time for CSA cycle 0D  0H  0M 26.2S
------------------------------------------------------------
------------------------------------------------------------
Used time for CSA cycle 0D  0H  0M 30.6S
------------------------------------------------------------
------------------------------------------------------------
Used time for CSA cycle 0D  0H  0M 34.8S
------------------------------------------------------------
------------------------------------------------------------
Used time for CSA cycle 0D  0H  0M 39.1S
------------------------------------------------------------
------------------------------------------------------------
Used time for CSA cycle 0D  0H  0M 43.3S
------------------------------------------------------------
------------------------------------------------------------
Used time for CSA cycle 0D  0H  0M 47.5S
------------------------------------------------------------
------------------------------------------------------------
Used time for CSA cycle 0D  0H  0M 51.7S
------------------------------------------------------------
------------------------------------------------------------
Used time for CSA cycle 0D  0H  0M 56.2S
------------------------------------------------------------
------------------------------------------------------------
Used time for CSA cycle 0D  0H  1M  0.6S
------------------------------------------------------------
------------------------------------------------------------
Used time for CSA cycle 0D  0H  1M  4.5S
------------------------------------------------------------
------------------------------------------------------------
Used time for CSA cycle 0D  0H  1M  8.9S
------------------------------------------------------------
------------------------------------------------------------
Used time for CSA cycle 0D  0H  1M 13.6S
------------------------------------------------------------
------------------------------------------------------------
Used time for CSA cycle 0D  0H  1M 18.1S
------------------------------------------------------------
------------------------------------------------------------
Used time for CSA cycle 0D  0H  1M 22.5S
------------------------------------------------------------
------------------------------------------------------------
Used time for CSA cycle 0D  0H  1M 27.3S
------------------------------------------------------------
------------------------------------------------------------
Used time for CSA cycle 0D  0H  1M 31.9S
------------------------------------------------------------
------------------------------------------------------------
Used time for CSA cycle 0D  0H  1M 36.4S
------------------------------------------------------------
------------------------------------------------------------
Used time for CSA cycle 0D  0H  1M 41.2S
------------------------------------------------------------
------------------------------------------------------------
Used time for CSA cycle 0D  0H  1M 46.1S
------------------------------------------------------------
------------------------------------------------------------
Used time for CSA cycle 0D  0H  1M 50.7S
------------------------------------------------------------
------------------------------------------------------------
Used time for CSA cycle 0D  0H  1M 55.4S
------------------------------------------------------------
------------------------------------------------------------
Used time for CSA cycle 0D  0H  2M  0.3S
------------------------------------------------------------
------------------------------------------------------------
Used time for CSA cycle 0D  0H  2M  5.0S
------------------------------------------------------------
------------------------------------------------------------
Used time for CSA cycle 0D  0H  2M  9.9S
------------------------------------------------------------
------------------------------------------------------------
Used time for CSA cycle 0D  0H  2M 14.7S
------------------------------------------------------------
------------------------------------------------------------
Used time for CSA cycle 0D  0H  2M 19.7S
------------------------------------------------------------
------------------------------------------------------------
Used time for CSA cycle 0D  0H  2M 24.6S
------------------------------------------------------------
------------------------------------------------------------
Used time for CSA cycle 0D  0H  2M 29.9S
------------------------------------------------------------
------------------------------------------------------------
Used time for CSA cycle 0D  0H  2M 34.6S
------------------------------------------------------------
------------------------------------------------------------
Used time for CSA cycle 0D  0H  2M 39.2S
------------------------------------------------------------
------------------------------------------------------------
Used time for CSA cycle 0D  0H  2M 44.5S
------------------------------------------------------------
------------------------------------------------------------
Used time for CSA cycle 0D  0H  2M 49.4S
------------------------------------------------------------
------------------------------------------------------------
Used time for CSA cycle 0D  0H  2M 54.3S
------------------------------------------------------------
------------------------------------------------------------
Used time for CSA cycle 0D  0H  2M 59.1S
------------------------------------------------------------
------------------------------------------------------------
Used time for CSA cycle 0D  0H  3M  4.3S
------------------------------------------------------------
------------------------------------------------------------
Used time for CSA cycle 0D  0H  3M  9.3S
------------------------------------------------------------
------------------------------------------------------------
Used time for CSA cycle 0D  0H  3M 13.9S
------------------------------------------------------------
------------------------------------------------------------
Used time for CSA cycle 0D  0H  3M 18.9S
------------------------------------------------------------
------------------------------------------------------------
Used time for CSA cycle 0D  0H  3M 23.8S
------------------------------------------------------------
------------------------------------------------------------
Used time for CSA cycle 0D  0H  3M 28.7S
------------------------------------------------------------
------------------------------------------------------------
Used time for CSA cycle 0D  0H  3M 33.7S
------------------------------------------------------------
------------------------------------------------------------
Used time for CSA cycle 0D  0H  3M 38.0S
------------------------------------------------------------
------------------------------------------------------------
Used time for CSA cycle 0D  0H  3M 42.9S
------------------------------------------------------------
------------------------------------------------------------
Used time for CSA cycle 0D  0H  3M 47.6S
------------------------------------------------------------
------------------------------------------------------------
Used time for CSA cycle 0D  0H  3M 52.5S
------------------------------------------------------------
------------------------------------------------------------
Used time for CSA cycle 0D  0H  3M 57.5S
------------------------------------------------------------
------------------------------------------------------------
Used time for CSA cycle 0D  0H  4M  2.4S
------------------------------------------------------------
------------------------------------------------------------
Used time for CSA cycle 0D  0H  4M  7.0S
------------------------------------------------------------
------------------------------------------------------------
Used time for CSA cycle 0D  0H  4M 12.0S
------------------------------------------------------------
------------------------------------------------------------
Used time for CSA cycle 0D  0H  4M 16.8S
------------------------------------------------------------
------------------------------------------------------------
Used time for CSA cycle 0D  0H  4M 21.5S
------------------------------------------------------------
------------------------------------------------------------
Used time for CSA cycle 0D  0H  4M 26.2S
------------------------------------------------------------
------------------------------------------------------------
Used time for CSA cycle 0D  0H  4M 30.9S
------------------------------------------------------------
------------------------------------------------------------
Used time for CSA cycle 0D  0H  4M 35.6S
------------------------------------------------------------
------------------------------------------------------------
Used time for CSA cycle 0D  0H  4M 40.8S
------------------------------------------------------------
------------------------------------------------------------
Used time for CSA cycle 0D  0H  4M 46.3S
------------------------------------------------------------
------------------------------------------------------------
Used time for CSA cycle 0D  0H  4M 50.7S
------------------------------------------------------------
------------------------------------------------------------
Used time for CSA cycle 0D  0H  4M 55.6S
------------------------------------------------------------
------------------------------------------------------------
Used time for CSA cycle 0D  0H  5M  0.3S
------------------------------------------------------------
------------------------------------------------------------
Used time for CSA cycle 0D  0H  5M  5.3S
------------------------------------------------------------
------------------------------------------------------------
Used time for CSA cycle 0D  0H  5M 10.3S
------------------------------------------------------------
------------------------------------------------------------
Used time for CSA cycle 0D  0H  5M 15.1S
------------------------------------------------------------
------------------------------------------------------------
Used time for CSA cycle 0D  0H  5M 19.9S
------------------------------------------------------------
------------------------------------------------------------
Used time for CSA cycle 0D  0H  5M 24.6S
------------------------------------------------------------
------------------------------------------------------------
Used time for CSA cycle 0D  0H  5M 29.5S
------------------------------------------------------------
------------------------------------------------------------
Used time for CSA cycle 0D  0H  5M 34.8S
------------------------------------------------------------
------------------------------------------------------------
Used time for CSA cycle 0D  0H  5M 39.9S
------------------------------------------------------------
------------------------------------------------------------
Used time for CSA cycle 0D  0H  5M 45.3S
------------------------------------------------------------
------------------------------------------------------------
Used time for CSA cycle 0D  0H  5M 50.6S
------------------------------------------------------------
------------------------------------------------------------
Used time for CSA cycle 0D  0H  5M 55.7S
------------------------------------------------------------
------------------------------------------------------------
Used time for CSA cycle 0D  0H  6M  0.7S
------------------------------------------------------------
------------------------------------------------------------
Used time for CSA cycle 0D  0H  6M  5.4S
------------------------------------------------------------
------------------------------------------------------------
Used time for CSA cycle 0D  0H  6M 10.8S
------------------------------------------------------------
------------------------------------------------------------
Used time for CSA cycle 0D  0H  6M 15.9S
------------------------------------------------------------
------------------------------------------------------------
Used time for CSA cycle 0D  0H  6M 21.0S
------------------------------------------------------------
------------------------------------------------------------
Used time for CSA cycle 0D  0H  6M 25.6S
------------------------------------------------------------
------------------------------------------------------------
Used time for CSA cycle 0D  0H  6M 30.5S
------------------------------------------------------------
------------------------------------------------------------
Used time for CSA cycle 0D  0H  6M 35.0S
------------------------------------------------------------
------------------------------------------------------------
Used time for CSA cycle 0D  0H  6M 39.8S
------------------------------------------------------------
------------------------------------------------------------
Used time for CSA cycle 0D  0H  6M 44.0S
------------------------------------------------------------
------------------------------------------------------------
Used time for CSA cycle 0D  0H  6M 48.6S
------------------------------------------------------------
------------------------------------------------------------
Used time for CSA cycle 0D  0H  6M 53.4S
------------------------------------------------------------
------------------------------------------------------------
Used time for CSA cycle 0D  0H  6M 58.4S
------------------------------------------------------------
------------------------------------------------------------
Used time for CSA cycle 0D  0H  7M  3.3S
------------------------------------------------------------
------------------------------------------------------------
Used time for CSA cycle 0D  0H  7M  8.3S
------------------------------------------------------------
------------------------------------------------------------
Used time for CSA cycle 0D  0H  7M 12.9S
------------------------------------------------------------
------------------------------------------------------------
Used time for CSA cycle 0D  0H  7M 17.7S
------------------------------------------------------------
------------------------------------------------------------
Used time for CSA cycle 0D  0H  7M 22.5S
------------------------------------------------------------
------------------------------------------------------------
Used time for CSA cycle 0D  0H  7M 27.3S
------------------------------------------------------------
------------------------------------------------------------
Used time for CSA cycle 0D  0H  7M 32.5S
------------------------------------------------------------
------------------------------------------------------------
Used time for CSA cycle 0D  0H  7M 37.4S
------------------------------------------------------------
------------------------------------------------------------
Used time for CSA cycle 0D  0H  7M 42.6S
------------------------------------------------------------
------------------------------------------------------------
Used time for CSA cycle 0D  0H  7M 47.8S
------------------------------------------------------------
------------------------------------------------------------
Used time for CSA cycle 0D  0H  7M 52.8S
------------------------------------------------------------
------------------------------------------------------------
Used time for CSA cycle 0D  0H  7M 58.1S
------------------------------------------------------------
------------------------------------------------------------
Used time for CSA cycle 0D  0H  8M  3.2S
------------------------------------------------------------
------------------------------------------------------------
Used time for CSA cycle 0D  0H  8M  8.3S
------------------------------------------------------------
------------------------------------------------------------
Used time for CSA cycle 0D  0H  8M 13.3S
------------------------------------------------------------
------------------------------------------------------------
Used time for CSA cycle 0D  0H  8M 18.7S
------------------------------------------------------------
------------------------------------------------------------
Total User Time =    574.046 sec
           0 dy  0 hr  9 min 34.046 sec
------------------------------------------------------------
