ERROR: failed in getting bnd parm for LC.6arLO.3es
============================================================
Initializing LigDock CSA...
Done.
Generating first bank...
Done.
------------------------------------------------------------
Used time for CSA cycle 0D  0H  0M  0.3S
------------------------------------------------------------
------------------------------------------------------------
Used time for CSA cycle 0D  0H  0M  0.6S
------------------------------------------------------------
------------------------------------------------------------
Used time for CSA cycle 0D  0H  0M  0.9S
------------------------------------------------------------
------------------------------------------------------------
Used time for CSA cycle 0D  0H  0M  1.3S
------------------------------------------------------------
------------------------------------------------------------
Used time for CSA cycle 0D  0H  0M  1.6S
------------------------------------------------------------
------------------------------------------------------------
Used time for CSA cycle 0D  0H  0M  2.7S
------------------------------------------------------------
------------------------------------------------------------
Used time for CSA cycle 0D  0H  0M  3.5S
------------------------------------------------------------
------------------------------------------------------------
Used time for CSA cycle 0D  0H  0M  4.2S
------------------------------------------------------------
------------------------------------------------------------
Used time for CSA cycle 0D  0H  0M  4.9S
------------------------------------------------------------
------------------------------------------------------------
Used time for CSA cycle 0D  0H  0M  5.6S
------------------------------------------------------------
------------------------------------------------------------
Used time for CSA cycle 0D  0H  0M  6.3S
------------------------------------------------------------
------------------------------------------------------------
Used time for CSA cycle 0D  0H  0M  6.9S
------------------------------------------------------------
------------------------------------------------------------
Used time for CSA cycle 0D  0H  0M  7.6S
------------------------------------------------------------
------------------------------------------------------------
Used time for CSA cycle 0D  0H  0M  8.2S
------------------------------------------------------------
------------------------------------------------------------
Used time for CSA cycle 0D  0H  0M  8.8S
------------------------------------------------------------
------------------------------------------------------------
Used time for CSA cycle 0D  0H  0M  9.4S
------------------------------------------------------------
------------------------------------------------------------
Used time for CSA cycle 0D  0H  0M 10.0S
------------------------------------------------------------
------------------------------------------------------------
Used time for CSA cycle 0D  0H  0M 10.6S
------------------------------------------------------------
------------------------------------------------------------
Used time for CSA cycle 0D  0H  0M 11.2S
------------------------------------------------------------
------------------------------------------------------------
Used time for CSA cycle 0D  0H  0M 11.8S
------------------------------------------------------------
------------------------------------------------------------
Used time for CSA cycle 0D  0H  0M 12.4S
------------------------------------------------------------
------------------------------------------------------------
Used time for CSA cycle 0D  0H  0M 12.9S
------------------------------------------------------------
------------------------------------------------------------
Used time for CSA cycle 0D  0H  0M 13.5S
------------------------------------------------------------
------------------------------------------------------------
Used time for CSA cycle 0D  0H  0M 14.1S
------------------------------------------------------------
------------------------------------------------------------
Used time for CSA cycle 0D  0H  0M 14.6S
------------------------------------------------------------
------------------------------------------------------------
Used time for CSA cycle 0D  0H  0M 15.3S
------------------------------------------------------------
------------------------------------------------------------
Used time for CSA cycle 0D  0H  0M 15.9S
------------------------------------------------------------
------------------------------------------------------------
Used time for CSA cycle 0D  0H  0M 16.5S
------------------------------------------------------------
------------------------------------------------------------
Used time for CSA cycle 0D  0H  0M 17.1S
------------------------------------------------------------
------------------------------------------------------------
Used time for CSA cycle 0D  0H  0M 17.7S
------------------------------------------------------------
------------------------------------------------------------
Used time for CSA cycle 0D  0H  0M 18.2S
------------------------------------------------------------
------------------------------------------------------------
Used time for CSA cycle 0D  0H  0M 18.8S
------------------------------------------------------------
------------------------------------------------------------
Used time for CSA cycle 0D  0H  0M 19.4S
------------------------------------------------------------
------------------------------------------------------------
Used time for CSA cycle 0D  0H  0M 20.0S
------------------------------------------------------------
------------------------------------------------------------
Used time for CSA cycle 0D  0H  0M 20.6S
------------------------------------------------------------
------------------------------------------------------------
Used time for CSA cycle 0D  0H  0M 21.1S
------------------------------------------------------------
------------------------------------------------------------
Used time for CSA cycle 0D  0H  0M 21.8S
------------------------------------------------------------
------------------------------------------------------------
Used time for CSA cycle 0D  0H  0M 22.4S
------------------------------------------------------------
------------------------------------------------------------
Used time for CSA cycle 0D  0H  0M 23.0S
------------------------------------------------------------
------------------------------------------------------------
Used time for CSA cycle 0D  0H  0M 23.6S
------------------------------------------------------------
------------------------------------------------------------
Used time for CSA cycle 0D  0H  0M 24.3S
------------------------------------------------------------
------------------------------------------------------------
Used time for CSA cycle 0D  0H  0M 24.9S
------------------------------------------------------------
------------------------------------------------------------
Used time for CSA cycle 0D  0H  0M 25.6S
------------------------------------------------------------
------------------------------------------------------------
Used time for CSA cycle 0D  0H  0M 26.2S
------------------------------------------------------------
------------------------------------------------------------
Used time for CSA cycle 0D  0H  0M 26.9S
------------------------------------------------------------
------------------------------------------------------------
Used time for CSA cycle 0D  0H  0M 27.5S
------------------------------------------------------------
------------------------------------------------------------
Used time for CSA cycle 0D  0H  0M 28.2S
------------------------------------------------------------
------------------------------------------------------------
Used time for CSA cycle 0D  0H  0M 28.8S
------------------------------------------------------------
------------------------------------------------------------
Used time for CSA cycle 0D  0H  0M 29.5S
------------------------------------------------------------
------------------------------------------------------------
Used time for CSA cycle 0D  0H  0M 30.2S
------------------------------------------------------------
------------------------------------------------------------
Used time for CSA cycle 0D  0H  0M 30.8S
------------------------------------------------------------
------------------------------------------------------------
Used time for CSA cycle 0D  0H  0M 31.4S
------------------------------------------------------------
------------------------------------------------------------
Used time for CSA cycle 0D  0H  0M 32.0S
------------------------------------------------------------
------------------------------------------------------------
Used time for CSA cycle 0D  0H  0M 32.6S
------------------------------------------------------------
------------------------------------------------------------
Used time for CSA cycle 0D  0H  0M 33.2S
------------------------------------------------------------
------------------------------------------------------------
Used time for CSA cycle 0D  0H  0M 33.8S
------------------------------------------------------------
------------------------------------------------------------
Used time for CSA cycle 0D  0H  0M 34.5S
------------------------------------------------------------
------------------------------------------------------------
Used time for CSA cycle 0D  0H  0M 35.1S
------------------------------------------------------------
------------------------------------------------------------
Used time for CSA cycle 0D  0H  0M 35.7S
------------------------------------------------------------
------------------------------------------------------------
Used time for CSA cycle 0D  0H  0M 36.4S
------------------------------------------------------------
------------------------------------------------------------
Used time for CSA cycle 0D  0H  0M 37.1S
------------------------------------------------------------
------------------------------------------------------------
Used time for CSA cycle 0D  0H  0M 37.8S
------------------------------------------------------------
------------------------------------------------------------
Used time for CSA cycle 0D  0H  0M 38.4S
------------------------------------------------------------
------------------------------------------------------------
Used time for CSA cycle 0D  0H  0M 39.1S
------------------------------------------------------------
------------------------------------------------------------
Used time for CSA cycle 0D  0H  0M 39.7S
------------------------------------------------------------
------------------------------------------------------------
Used time for CSA cycle 0D  0H  0M 40.4S
------------------------------------------------------------
------------------------------------------------------------
Used time for CSA cycle 0D  0H  0M 41.0S
------------------------------------------------------------
------------------------------------------------------------
Used time for CSA cycle 0D  0H  0M 41.7S
------------------------------------------------------------
------------------------------------------------------------
Used time for CSA cycle 0D  0H  0M 42.3S
------------------------------------------------------------
------------------------------------------------------------
Used time for CSA cycle 0D  0H  0M 43.0S
------------------------------------------------------------
------------------------------------------------------------
Used time for CSA cycle 0D  0H  0M 43.7S
------------------------------------------------------------
------------------------------------------------------------
Used time for CSA cycle 0D  0H  0M 44.4S
------------------------------------------------------------
------------------------------------------------------------
Used time for CSA cycle 0D  0H  0M 45.0S
------------------------------------------------------------
------------------------------------------------------------
Used time for CSA cycle 0D  0H  0M 45.7S
------------------------------------------------------------
------------------------------------------------------------
Used time for CSA cycle 0D  0H  0M 46.4S
------------------------------------------------------------
------------------------------------------------------------
Used time for CSA cycle 0D  0H  0M 47.1S
------------------------------------------------------------
------------------------------------------------------------
Used time for CSA cycle 0D  0H  0M 47.8S
------------------------------------------------------------
------------------------------------------------------------
Used time for CSA cycle 0D  0H  0M 48.5S
------------------------------------------------------------
------------------------------------------------------------
Used time for CSA cycle 0D  0H  0M 49.2S
------------------------------------------------------------
------------------------------------------------------------
Used time for CSA cycle 0D  0H  0M 49.8S
------------------------------------------------------------
------------------------------------------------------------
Used time for CSA cycle 0D  0H  0M 50.6S
------------------------------------------------------------
------------------------------------------------------------
Used time for CSA cycle 0D  0H  0M 51.2S
------------------------------------------------------------
------------------------------------------------------------
Used time for CSA cycle 0D  0H  0M 51.9S
------------------------------------------------------------
------------------------------------------------------------
Used time for CSA cycle 0D  0H  0M 52.6S
------------------------------------------------------------
------------------------------------------------------------
Used time for CSA cycle 0D  0H  0M 53.3S
------------------------------------------------------------
------------------------------------------------------------
Used time for CSA cycle 0D  0H  0M 54.0S
------------------------------------------------------------
------------------------------------------------------------
Used time for CSA cycle 0D  0H  0M 54.7S
------------------------------------------------------------
------------------------------------------------------------
Used time for CSA cycle 0D  0H  0M 55.4S
------------------------------------------------------------
------------------------------------------------------------
Used time for CSA cycle 0D  0H  0M 56.1S
------------------------------------------------------------
------------------------------------------------------------
Used time for CSA cycle 0D  0H  0M 56.7S
------------------------------------------------------------
------------------------------------------------------------
Used time for CSA cycle 0D  0H  0M 57.4S
------------------------------------------------------------
------------------------------------------------------------
Used time for CSA cycle 0D  0H  0M 58.1S
------------------------------------------------------------
------------------------------------------------------------
Used time for CSA cycle 0D  0H  0M 58.7S
------------------------------------------------------------
------------------------------------------------------------
Used time for CSA cycle 0D  0H  0M 59.4S
------------------------------------------------------------
------------------------------------------------------------
Used time for CSA cycle 0D  0H  1M  0.1S
------------------------------------------------------------
------------------------------------------------------------
Used time for CSA cycle 0D  0H  1M  0.8S
------------------------------------------------------------
------------------------------------------------------------
Used time for CSA cycle 0D  0H  1M  1.5S
------------------------------------------------------------
------------------------------------------------------------
Used time for CSA cycle 0D  0H  1M  2.1S
------------------------------------------------------------
------------------------------------------------------------
Used time for CSA cycle 0D  0H  1M  2.9S
------------------------------------------------------------
------------------------------------------------------------
Used time for CSA cycle 0D  0H  1M  3.6S
------------------------------------------------------------
------------------------------------------------------------
Used time for CSA cycle 0D  0H  1M  4.3S
------------------------------------------------------------
------------------------------------------------------------
Used time for CSA cycle 0D  0H  1M  4.9S
------------------------------------------------------------
------------------------------------------------------------
Used time for CSA cycle 0D  0H  1M  5.6S
------------------------------------------------------------
------------------------------------------------------------
Used time for CSA cycle 0D  0H  1M  6.3S
------------------------------------------------------------
------------------------------------------------------------
Used time for CSA cycle 0D  0H  1M  7.0S
------------------------------------------------------------
------------------------------------------------------------
Used time for CSA cycle 0D  0H  1M  7.7S
------------------------------------------------------------
------------------------------------------------------------
Used time for CSA cycle 0D  0H  1M  8.4S
------------------------------------------------------------
------------------------------------------------------------
Used time for CSA cycle 0D  0H  1M  9.1S
------------------------------------------------------------
------------------------------------------------------------
Used time for CSA cycle 0D  0H  1M  9.8S
------------------------------------------------------------
------------------------------------------------------------
Used time for CSA cycle 0D  0H  1M 10.5S
------------------------------------------------------------
------------------------------------------------------------
Used time for CSA cycle 0D  0H  1M 11.2S
------------------------------------------------------------
------------------------------------------------------------
Used time for CSA cycle 0D  0H  1M 11.9S
------------------------------------------------------------
------------------------------------------------------------
Used time for CSA cycle 0D  0H  1M 12.6S
------------------------------------------------------------
------------------------------------------------------------
Used time for CSA cycle 0D  0H  1M 13.2S
------------------------------------------------------------
------------------------------------------------------------
Used time for CSA cycle 0D  0H  1M 13.9S
------------------------------------------------------------
------------------------------------------------------------
Used time for CSA cycle 0D  0H  1M 14.6S
------------------------------------------------------------
------------------------------------------------------------
Used time for CSA cycle 0D  0H  1M 15.3S
------------------------------------------------------------
------------------------------------------------------------
Used time for CSA cycle 0D  0H  1M 15.9S
------------------------------------------------------------
------------------------------------------------------------
Used time for CSA cycle 0D  0H  1M 16.6S
------------------------------------------------------------
------------------------------------------------------------
Used time for CSA cycle 0D  0H  1M 17.3S
------------------------------------------------------------
------------------------------------------------------------
Used time for CSA cycle 0D  0H  1M 17.9S
------------------------------------------------------------
------------------------------------------------------------
Used time for CSA cycle 0D  0H  1M 18.6S
------------------------------------------------------------
------------------------------------------------------------
Used time for CSA cycle 0D  0H  1M 19.3S
------------------------------------------------------------
------------------------------------------------------------
Used time for CSA cycle 0D  0H  1M 20.0S
------------------------------------------------------------
------------------------------------------------------------
Used time for CSA cycle 0D  0H  1M 20.7S
------------------------------------------------------------
------------------------------------------------------------
Used time for CSA cycle 0D  0H  1M 21.5S
------------------------------------------------------------
------------------------------------------------------------
Used time for CSA cycle 0D  0H  1M 22.2S
------------------------------------------------------------
------------------------------------------------------------
Used time for CSA cycle 0D  0H  1M 22.9S
------------------------------------------------------------
------------------------------------------------------------
Used time for CSA cycle 0D  0H  1M 23.6S
------------------------------------------------------------
------------------------------------------------------------
Used time for CSA cycle 0D  0H  1M 24.4S
------------------------------------------------------------
------------------------------------------------------------
Total User Time =    543.804 sec
           0 dy  0 hr  9 min  3.804 sec
------------------------------------------------------------
