

                  PLANTS
        Protein-Ligand ANT System
               version 1.2


author: Oliver Korb

scientific contributors: T.E. Exner, T. Stuetzle

contact: Oliver.Korb@uni-konstanz.de



-------------------------------------------------------------
Ligand data file: olaparib_SPORES.mol2 (entry 1)
-------------------------------------------------------------


Input molecule: olaparib_SPORES.mol2
Description: olaparib


Ligand rotatable bonds (4): 
C    (16  , C.ar ) -C    (17  , C.2  )
C    (14  , C.ar ) -C    (13  , C.3  )
C    (13  , C.3  ) -C    (12  , C.2  )
C    (22  , C.2  ) -C    (23  , C.3  )


Ligand formal charge table:
Ligand formal charge: 0.00


Atom type assignment for partial score term CHEMPLP-PLP:

DONOR(1): 
    N(   4)      

ACCEPTOR(4): 
    N(   3)          O(  29)          O(  30)          O(  31)      

NONPOLAR(27): 
    N(   1)          N(   2)          C(   5)          C(   6)          C(   7)          C(   8)          C(   9)          C(  10)      
    C(  11)          C(  12)          C(  13)          C(  14)          C(  15)          C(  16)          C(  17)          C(  18)      
    C(  19)          C(  20)          C(  21)          C(  22)          C(  23)          C(  24)          C(  25)          C(  26)      
    C(  27)          C(  28)          F(  32)      

Atom type assignment for partial score term CHEM-HB:

DONOR(1): 
    N(   4)      

ACCEPTOR(4): 
    N(   3)          O(  29)          O(  30)          O(  31)      

NONPOLAR(27): 
    N(   1)          N(   2)          C(   5)          C(   6)          C(   7)          C(   8)          C(   9)          C(  10)      
    C(  11)          C(  12)          C(  13)          C(  14)          C(  15)          C(  16)          C(  17)          C(  18)      
    C(  19)          C(  20)          C(  21)          C(  22)          C(  23)          C(  24)          C(  25)          C(  26)      
    C(  27)          C(  28)          F(  32)      

HYDROGEN(1): 
    H(  55)      

Intra-ligand score: CLASH2
Ligand clash pairs: 323

Ligand torsions: 22 (22 parameters matched)

Ligand input conformation score: -2.74

PLPtotal,PLPparthbond,PLPpartsteric,PLPpartmetal,PLPpartrepulsive,PLPpartburpolar,LIG_NUM_CLASH,LIG_NUM_CONTACT,LIG_NUM_NO_CONTACT,CHEMpartmetal,CHEMparthbond,CHEMparthbondCHO,DON,ACC,UNUSED_DON,UNUSED_ACC,CHEMPLP_CLASH2,TRIPOS_TORS

0,0,0,0,0,0,0,0,32,0,0,0,1,4,1,4,0,8.62834

ACO iterations 287  time 110.23s  evaluations 13483191

Cluster time 3.58s (max. 100 structures, RMSD similarity 2.00 A):

rank  1  score   -67.40  file olaparib_entry_00001_conf_01
rank  2  score   -65.12  file olaparib_entry_00001_conf_02
rank  3  score   -63.61  file olaparib_entry_00001_conf_03
rank  4  score   -62.76  file olaparib_entry_00001_conf_04
rank  5  score   -57.77  file olaparib_entry_00001_conf_05
rank  6  score   -57.10  file olaparib_entry_00001_conf_06
rank  7  score   -56.84  file olaparib_entry_00001_conf_07
rank  8  score   -56.69  file olaparib_entry_00001_conf_08
rank  9  score   -56.52  file olaparib_entry_00001_conf_09
rank 10  score   -55.83  file olaparib_entry_00001_conf_10
rank 11  score   -54.84  file olaparib_entry_00001_conf_11
rank 12  score   -54.46  file olaparib_entry_00001_conf_12
rank 13  score   -54.35  file olaparib_entry_00001_conf_13
rank 14  score   -53.24  file olaparib_entry_00001_conf_14
rank 15  score   -52.45  file olaparib_entry_00001_conf_15
rank 16  score   -52.39  file olaparib_entry_00001_conf_16
rank 17  score   -52.19  file olaparib_entry_00001_conf_17
rank 18  score   -51.47  file olaparib_entry_00001_conf_18
rank 19  score   -51.26  file olaparib_entry_00001_conf_19
rank 20  score   -51.23  file olaparib_entry_00001_conf_20
rank 21  score   -51.10  file olaparib_entry_00001_conf_21
rank 22  score   -50.57  file olaparib_entry_00001_conf_22
rank 23  score   -50.51  file olaparib_entry_00001_conf_23
rank 24  score   -50.35  file olaparib_entry_00001_conf_24
rank 25  score   -50.34  file olaparib_entry_00001_conf_25
rank 26  score   -50.13  file olaparib_entry_00001_conf_26
rank 27  score   -50.06  file olaparib_entry_00001_conf_27
rank 28  score   -50.01  file olaparib_entry_00001_conf_28
rank 29  score   -49.76  file olaparib_entry_00001_conf_29
rank 30  score   -49.30  file olaparib_entry_00001_conf_30
rank 31  score   -48.39  file olaparib_entry_00001_conf_31
rank 32  score   -48.34  file olaparib_entry_00001_conf_32
rank 33  score   -48.20  file olaparib_entry_00001_conf_33
rank 34  score   -48.12  file olaparib_entry_00001_conf_34
rank 35  score   -47.64  file olaparib_entry_00001_conf_35
rank 36  score   -47.58  file olaparib_entry_00001_conf_36
rank 37  score   -47.48  file olaparib_entry_00001_conf_37
rank 38  score   -47.36  file olaparib_entry_00001_conf_38
rank 39  score   -47.09  file olaparib_entry_00001_conf_39
rank 40  score   -47.04  file olaparib_entry_00001_conf_40
rank 41  score   -46.91  file olaparib_entry_00001_conf_41
rank 42  score   -46.90  file olaparib_entry_00001_conf_42
rank 43  score   -46.56  file olaparib_entry_00001_conf_43
rank 44  score   -46.54  file olaparib_entry_00001_conf_44
rank 45  score   -46.52  file olaparib_entry_00001_conf_45
rank 46  score   -46.27  file olaparib_entry_00001_conf_46
rank 47  score   -46.17  file olaparib_entry_00001_conf_47
rank 48  score   -46.10  file olaparib_entry_00001_conf_48
rank 49  score   -46.03  file olaparib_entry_00001_conf_49
rank 50  score   -45.86  file olaparib_entry_00001_conf_50
rank 51  score   -45.77  file olaparib_entry_00001_conf_51
rank 52  score   -45.75  file olaparib_entry_00001_conf_52
rank 53  score   -45.38  file olaparib_entry_00001_conf_53
rank 54  score   -45.37  file olaparib_entry_00001_conf_54
rank 55  score   -45.25  file olaparib_entry_00001_conf_55
rank 56  score   -45.09  file olaparib_entry_00001_conf_56
rank 57  score   -45.05  file olaparib_entry_00001_conf_57
rank 58  score   -44.98  file olaparib_entry_00001_conf_58
rank 59  score   -44.91  file olaparib_entry_00001_conf_59
rank 60  score   -44.89  file olaparib_entry_00001_conf_60
rank 61  score   -44.82  file olaparib_entry_00001_conf_61
rank 62  score   -44.67  file olaparib_entry_00001_conf_62
rank 63  score   -44.65  file olaparib_entry_00001_conf_63
rank 64  score   -44.55  file olaparib_entry_00001_conf_64
rank 65  score   -44.29  file olaparib_entry_00001_conf_65
rank 66  score   -44.26  file olaparib_entry_00001_conf_66
rank 67  score   -44.22  file olaparib_entry_00001_conf_67
rank 68  score   -44.15  file olaparib_entry_00001_conf_68
rank 69  score   -44.05  file olaparib_entry_00001_conf_69
rank 70  score   -44.03  file olaparib_entry_00001_conf_70
rank 71  score   -43.87  file olaparib_entry_00001_conf_71
rank 72  score   -43.85  file olaparib_entry_00001_conf_72
rank 73  score   -43.69  file olaparib_entry_00001_conf_73
rank 74  score   -43.66  file olaparib_entry_00001_conf_74
rank 75  score   -43.64  file olaparib_entry_00001_conf_75
rank 76  score   -43.43  file olaparib_entry_00001_conf_76
rank 77  score   -43.14  file olaparib_entry_00001_conf_77
rank 78  score   -43.01  file olaparib_entry_00001_conf_78
rank 79  score   -42.96  file olaparib_entry_00001_conf_79
rank 80  score   -42.79  file olaparib_entry_00001_conf_80
rank 81  score   -42.78  file olaparib_entry_00001_conf_81
rank 82  score   -42.77  file olaparib_entry_00001_conf_82
rank 83  score   -42.68  file olaparib_entry_00001_conf_83
rank 84  score   -42.42  file olaparib_entry_00001_conf_84
rank 85  score   -42.41  file olaparib_entry_00001_conf_85
rank 86  score   -42.30  file olaparib_entry_00001_conf_86
rank 87  score   -42.28  file olaparib_entry_00001_conf_87
rank 88  score   -42.20  file olaparib_entry_00001_conf_88
rank 89  score   -42.20  file olaparib_entry_00001_conf_89
rank 90  score   -42.17  file olaparib_entry_00001_conf_90
rank 91  score   -42.13  file olaparib_entry_00001_conf_91
rank 92  score   -41.92  file olaparib_entry_00001_conf_92
rank 93  score   -41.87  file olaparib_entry_00001_conf_93
rank 94  score   -41.68  file olaparib_entry_00001_conf_94
rank 95  score   -41.23  file olaparib_entry_00001_conf_95
rank 96  score   -41.08  file olaparib_entry_00001_conf_96
rank 97  score   -41.06  file olaparib_entry_00001_conf_97
rank 98  score   -41.00  file olaparib_entry_00001_conf_98
rank 99  score   -40.97  file olaparib_entry_00001_conf_99
rank 100  score   -40.83  file olaparib_entry_00001_conf_100


